Arguments: 
  /usr/local/bin/node /usr/local/bin/yarn add --dev @types/ahooks

PATH: 
  /usr/local/bin:/usr/bin:/bin:/usr/sbin:/sbin

Yarn version: 
  1.22.11

Node version: 
  14.17.5

Platform: 
  darwin x64

Trace: 
  Error: https://registry.npm.taobao.org/@types%2fahooks: Not found
      at Request.params.callback [as _callback] (/usr/local/lib/node_modules/yarn/lib/cli.js:66992:18)
      at Request.self.callback (/usr/local/lib/node_modules/yarn/lib/cli.js:140763:22)
      at Request.emit (events.js:400:28)
      at Request.<anonymous> (/usr/local/lib/node_modules/yarn/lib/cli.js:141735:10)
      at Request.emit (events.js:400:28)
      at IncomingMessage.<anonymous> (/usr/local/lib/node_modules/yarn/lib/cli.js:141657:12)
      at Object.onceWrapper (events.js:519:28)
      at IncomingMessage.emit (events.js:412:35)
      at endReadableNT (internal/streams/readable.js:1317:12)
      at processTicksAndRejections (internal/process/task_queues.js:82:21)

npm manifest: 
  {
    "name": "account-book-front-end",
    "version": "0.0.0",
    "scripts": {
      "dev": "vite",
      "build": "tsc && vite build",
      "serve": "vite preview"
    },
    "dependencies": {
      "@ant-design/icons": "^4.6.3",
      "@material-ui/core": "^4.12.3",
      "@material-ui/icons": "^4.11.2",
      "ahooks": "^2.10.9",
      "antd": "^4.16.12",
      "react": "^17.0.0",
      "react-dom": "^17.0.0",
      "styled-components": "^5.3.0",
      "zarm": "^2.9.7"
    },
    "devDependencies": {
      "@types/react": "^17.0.0",
      "@types/react-dom": "^17.0.0",
      "@types/styled-components": "^5.1.12",
      "@vitejs/plugin-react-refresh": "^1.3.1",
      "typescript": "^4.3.2",
      "vite": "^2.4.4"
    }
  }

yarn manifest: 
  No manifest

Lockfile: 
  # THIS IS AN AUTOGENERATED FILE. DO NOT EDIT THIS FILE DIRECTLY.
  # yarn lockfile v1
  
  
  "@ahooksjs/use-request@^2.8.10":
    version "2.8.10"
    resolved "https://registry.nlark.com/@ahooksjs/use-request/download/@ahooksjs/use-request-2.8.10.tgz?cache=0&sync_timestamp=1627285508776&other_urls=https%3A%2F%2Fregistry.nlark.com%2F%40ahooksjs%2Fuse-request%2Fdownload%2F%40ahooksjs%2Fuse-request-2.8.10.tgz#643ea1a3c025fc7d0ff6a41621f11c03eed9ac22"
    integrity sha1-ZD6ho8Al/H0P9qQWIfEcA+7ZrCI=
    dependencies:
      lodash.debounce "^4.0.8"
      lodash.throttle "^4.1.1"
  
  "@ant-design/colors@^6.0.0":
    version "6.0.0"
    resolved "https://registry.npm.taobao.org/@ant-design/colors/download/@ant-design/colors-6.0.0.tgz#9b9366257cffcc47db42b9d0203bb592c13c0298"
    integrity sha1-m5NmJXz/zEfbQrnQIDu1ksE8Apg=
    dependencies:
      "@ctrl/tinycolor" "^3.4.0"
  
  "@ant-design/icons-svg@^4.0.0":
    version "4.1.0"
    resolved "https://registry.npm.taobao.org/@ant-design/icons-svg/download/@ant-design/icons-svg-4.1.0.tgz#480b025f4b20ef7fe8f47d4a4846e4fee84ea06c"
    integrity sha1-SAsCX0sg73/o9H1KSEbk/uhOoGw=
  
  "@ant-design/icons@^4.6.3":
    version "4.6.3"
    resolved "https://registry.nlark.com/@ant-design/icons/download/@ant-design/icons-4.6.3.tgz#cdcccf4df24d51501acef9228444efb7ef8938b1"
    integrity sha1-zczPTfJNUVAazvkihETvt++JOLE=
    dependencies:
      "@ant-design/colors" "^6.0.0"
      "@ant-design/icons-svg" "^4.0.0"
      "@babel/runtime" "^7.11.2"
      classnames "^2.2.6"
      rc-util "^5.9.4"
  
  "@ant-design/react-slick@~0.28.1":
    version "0.28.4"
    resolved "https://registry.nlark.com/@ant-design/react-slick/download/@ant-design/react-slick-0.28.4.tgz#8b296b87ad7c7ae877f2a527b81b7eebd9dd29a9"
    integrity sha1-iylrh618euh38qUnuBt+69ndKak=
    dependencies:
      "@babel/runtime" "^7.10.4"
      classnames "^2.2.5"
      json2mq "^0.2.0"
      lodash "^4.17.21"
      resize-observer-polyfill "^1.5.0"
  
  "@babel/code-frame@^7.14.5":
    version "7.14.5"
    resolved "https://registry.nlark.com/@babel/code-frame/download/@babel/code-frame-7.14.5.tgz#23b08d740e83f49c5e59945fbf1b43e80bbf4edb"
    integrity sha1-I7CNdA6D9JxeWZRfvxtD6Au/Tts=
    dependencies:
      "@babel/highlight" "^7.14.5"
  
  "@babel/compat-data@^7.15.0":
    version "7.15.0"
    resolved "https://registry.nlark.com/@babel/compat-data/download/@babel/compat-data-7.15.0.tgz#2dbaf8b85334796cafbb0f5793a90a2fc010b176"
    integrity sha1-Lbr4uFM0eWyvuw9Xk6kKL8AQsXY=
  
  "@babel/core@^7.14.8":
    version "7.15.0"
    resolved "https://registry.nlark.com/@babel/core/download/@babel/core-7.15.0.tgz#749e57c68778b73ad8082775561f67f5196aafa8"
    integrity sha1-dJ5Xxod4tzrYCCd1Vh9n9Rlqr6g=
    dependencies:
      "@babel/code-frame" "^7.14.5"
      "@babel/generator" "^7.15.0"
      "@babel/helper-compilation-targets" "^7.15.0"
      "@babel/helper-module-transforms" "^7.15.0"
      "@babel/helpers" "^7.14.8"
      "@babel/parser" "^7.15.0"
      "@babel/template" "^7.14.5"
      "@babel/traverse" "^7.15.0"
      "@babel/types" "^7.15.0"
      convert-source-map "^1.7.0"
      debug "^4.1.0"
      gensync "^1.0.0-beta.2"
      json5 "^2.1.2"
      semver "^6.3.0"
      source-map "^0.5.0"
  
  "@babel/generator@^7.15.0":
    version "7.15.0"
    resolved "https://registry.nlark.com/@babel/generator/download/@babel/generator-7.15.0.tgz#a7d0c172e0d814974bad5aa77ace543b97917f15"
    integrity sha1-p9DBcuDYFJdLrVqnes5UO5eRfxU=
    dependencies:
      "@babel/types" "^7.15.0"
      jsesc "^2.5.1"
      source-map "^0.5.0"
  
  "@babel/helper-annotate-as-pure@^7.0.0":
    version "7.14.5"
    resolved "https://registry.nlark.com/@babel/helper-annotate-as-pure/download/@babel/helper-annotate-as-pure-7.14.5.tgz#7bf478ec3b71726d56a8ca5775b046fc29879e61"
    integrity sha1-e/R47Dtxcm1WqMpXdbBG/CmHnmE=
    dependencies:
      "@babel/types" "^7.14.5"
  
  "@babel/helper-compilation-targets@^7.15.0":
    version "7.15.0"
    resolved "https://registry.nlark.com/@babel/helper-compilation-targets/download/@babel/helper-compilation-targets-7.15.0.tgz#973df8cbd025515f3ff25db0c05efc704fa79818"
    integrity sha1-lz34y9AlUV8/8l2wwF78cE+nmBg=
    dependencies:
      "@babel/compat-data" "^7.15.0"
      "@babel/helper-validator-option" "^7.14.5"
      browserslist "^4.16.6"
      semver "^6.3.0"
  
  "@babel/helper-function-name@^7.14.5":
    version "7.14.5"
    resolved "https://registry.nlark.com/@babel/helper-function-name/download/@babel/helper-function-name-7.14.5.tgz?cache=0&sync_timestamp=1623280385237&other_urls=https%3A%2F%2Fregistry.nlark.com%2F%40babel%2Fhelper-function-name%2Fdownload%2F%40babel%2Fhelper-function-name-7.14.5.tgz#89e2c474972f15d8e233b52ee8c480e2cfcd50c4"
    integrity sha1-ieLEdJcvFdjiM7Uu6MSA4s/NUMQ=
    dependencies:
      "@babel/helper-get-function-arity" "^7.14.5"
      "@babel/template" "^7.14.5"
      "@babel/types" "^7.14.5"
  
  "@babel/helper-get-function-arity@^7.14.5":
    version "7.14.5"
    resolved "https://registry.nlark.com/@babel/helper-get-function-arity/download/@babel/helper-get-function-arity-7.14.5.tgz#25fbfa579b0937eee1f3b805ece4ce398c431815"
    integrity sha1-Jfv6V5sJN+7h87gF7OTOOYxDGBU=
    dependencies:
      "@babel/types" "^7.14.5"
  
  "@babel/helper-hoist-variables@^7.14.5":
    version "7.14.5"
    resolved "https://registry.nlark.com/@babel/helper-hoist-variables/download/@babel/helper-hoist-variables-7.14.5.tgz#e0dd27c33a78e577d7c8884916a3e7ef1f7c7f8d"
    integrity sha1-4N0nwzp45XfXyIhJFqPn7x98f40=
    dependencies:
      "@babel/types" "^7.14.5"
  
  "@babel/helper-member-expression-to-functions@^7.15.0":
    version "7.15.0"
    resolved "https://registry.nlark.com/@babel/helper-member-expression-to-functions/download/@babel/helper-member-expression-to-functions-7.15.0.tgz#0ddaf5299c8179f27f37327936553e9bba60990b"
    integrity sha1-Ddr1KZyBefJ/NzJ5NlU+m7pgmQs=
    dependencies:
      "@babel/types" "^7.15.0"
  
  "@babel/helper-module-imports@^7.0.0", "@babel/helper-module-imports@^7.14.5":
    version "7.14.5"
    resolved "https://registry.nlark.com/@babel/helper-module-imports/download/@babel/helper-module-imports-7.14.5.tgz#6d1a44df6a38c957aa7c312da076429f11b422f3"
    integrity sha1-bRpE32o4yVeqfDEtoHZCnxG0IvM=
    dependencies:
      "@babel/types" "^7.14.5"
  
  "@babel/helper-module-transforms@^7.15.0":
    version "7.15.0"
    resolved "https://registry.nlark.com/@babel/helper-module-transforms/download/@babel/helper-module-transforms-7.15.0.tgz#679275581ea056373eddbe360e1419ef23783b08"
    integrity sha1-Z5J1WB6gVjc+3b42DhQZ7yN4Owg=
    dependencies:
      "@babel/helper-module-imports" "^7.14.5"
      "@babel/helper-replace-supers" "^7.15.0"
      "@babel/helper-simple-access" "^7.14.8"
      "@babel/helper-split-export-declaration" "^7.14.5"
      "@babel/helper-validator-identifier" "^7.14.9"
      "@babel/template" "^7.14.5"
      "@babel/traverse" "^7.15.0"
      "@babel/types" "^7.15.0"
  
  "@babel/helper-optimise-call-expression@^7.14.5":
    version "7.14.5"
    resolved "https://registry.nlark.com/@babel/helper-optimise-call-expression/download/@babel/helper-optimise-call-expression-7.14.5.tgz#f27395a8619e0665b3f0364cddb41c25d71b499c"
    integrity sha1-8nOVqGGeBmWz8DZM3bQcJdcbSZw=
    dependencies:
      "@babel/types" "^7.14.5"
  
  "@babel/helper-plugin-utils@^7.14.5":
    version "7.14.5"
    resolved "https://registry.nlark.com/@babel/helper-plugin-utils/download/@babel/helper-plugin-utils-7.14.5.tgz?cache=0&sync_timestamp=1623280296194&other_urls=https%3A%2F%2Fregistry.nlark.com%2F%40babel%2Fhelper-plugin-utils%2Fdownload%2F%40babel%2Fhelper-plugin-utils-7.14.5.tgz#5ac822ce97eec46741ab70a517971e443a70c5a9"
    integrity sha1-WsgizpfuxGdBq3ClF5ceRDpwxak=
  
  "@babel/helper-replace-supers@^7.15.0":
    version "7.15.0"
    resolved "https://registry.nlark.com/@babel/helper-replace-supers/download/@babel/helper-replace-supers-7.15.0.tgz#ace07708f5bf746bf2e6ba99572cce79b5d4e7f4"
    integrity sha1-rOB3CPW/dGvy5rqZVyzOebXU5/Q=
    dependencies:
      "@babel/helper-member-expression-to-functions" "^7.15.0"
      "@babel/helper-optimise-call-expression" "^7.14.5"
      "@babel/traverse" "^7.15.0"
      "@babel/types" "^7.15.0"
  
  "@babel/helper-simple-access@^7.14.8":
    version "7.14.8"
    resolved "https://registry.nlark.com/@babel/helper-simple-access/download/@babel/helper-simple-access-7.14.8.tgz#82e1fec0644a7e775c74d305f212c39f8fe73924"
    integrity sha1-guH+wGRKfndcdNMF8hLDn4/nOSQ=
    dependencies:
      "@babel/types" "^7.14.8"
  
  "@babel/helper-split-export-declaration@^7.14.5":
    version "7.14.5"
    resolved "https://registry.nlark.com/@babel/helper-split-export-declaration/download/@babel/helper-split-export-declaration-7.14.5.tgz#22b23a54ef51c2b7605d851930c1976dd0bc693a"
    integrity sha1-IrI6VO9RwrdgXYUZMMGXbdC8aTo=
    dependencies:
      "@babel/types" "^7.14.5"
  
  "@babel/helper-validator-identifier@^7.14.5", "@babel/helper-validator-identifier@^7.14.9":
    version "7.14.9"
    resolved "https://registry.nlark.com/@babel/helper-validator-identifier/download/@babel/helper-validator-identifier-7.14.9.tgz#6654d171b2024f6d8ee151bf2509699919131d48"
    integrity sha1-ZlTRcbICT22O4VG/JQlpmRkTHUg=
  
  "@babel/helper-validator-option@^7.14.5":
    version "7.14.5"
    resolved "https://registry.nlark.com/@babel/helper-validator-option/download/@babel/helper-validator-option-7.14.5.tgz?cache=0&sync_timestamp=1623280304150&other_urls=https%3A%2F%2Fregistry.nlark.com%2F%40babel%2Fhelper-validator-option%2Fdownload%2F%40babel%2Fhelper-validator-option-7.14.5.tgz#6e72a1fff18d5dfcb878e1e62f1a021c4b72d5a3"
    integrity sha1-bnKh//GNXfy4eOHmLxoCHEty1aM=
  
  "@babel/helpers@^7.14.8":
    version "7.15.3"
    resolved "https://registry.nlark.com/@babel/helpers/download/@babel/helpers-7.15.3.tgz?cache=0&sync_timestamp=1628666505556&other_urls=https%3A%2F%2Fregistry.nlark.com%2F%40babel%2Fhelpers%2Fdownload%2F%40babel%2Fhelpers-7.15.3.tgz#c96838b752b95dcd525b4e741ed40bb1dc2a1357"
    integrity sha1-yWg4t1K5Xc1SW050HtQLsdwqE1c=
    dependencies:
      "@babel/template" "^7.14.5"
      "@babel/traverse" "^7.15.0"
      "@babel/types" "^7.15.0"
  
  "@babel/highlight@^7.14.5":
    version "7.14.5"
    resolved "https://registry.nlark.com/@babel/highlight/download/@babel/highlight-7.14.5.tgz#6861a52f03966405001f6aa534a01a24d99e8cd9"
    integrity sha1-aGGlLwOWZAUAH2qlNKAaJNmejNk=
    dependencies:
      "@babel/helper-validator-identifier" "^7.14.5"
      chalk "^2.0.0"
      js-tokens "^4.0.0"
  
  "@babel/parser@^7.14.5", "@babel/parser@^7.15.0":
    version "7.15.3"
    resolved "https://registry.nlark.com/@babel/parser/download/@babel/parser-7.15.3.tgz#3416d9bea748052cfcb63dbcc27368105b1ed862"
    integrity sha1-NBbZvqdIBSz8tj28wnNoEFse2GI=
  
  "@babel/plugin-transform-react-jsx-self@^7.14.5":
    version "7.14.9"
    resolved "https://registry.nlark.com/@babel/plugin-transform-react-jsx-self/download/@babel/plugin-transform-react-jsx-self-7.14.9.tgz?cache=0&sync_timestamp=1627804694133&other_urls=https%3A%2F%2Fregistry.nlark.com%2F%40babel%2Fplugin-transform-react-jsx-self%2Fdownload%2F%40babel%2Fplugin-transform-react-jsx-self-7.14.9.tgz#33041e665453391eb6ee54a2ecf3ba1d46bd30f4"
    integrity sha1-MwQeZlRTOR627lSi7PO6HUa9MPQ=
    dependencies:
      "@babel/helper-plugin-utils" "^7.14.5"
  
  "@babel/plugin-transform-react-jsx-source@^7.14.5":
    version "7.14.5"
    resolved "https://registry.nlark.com/@babel/plugin-transform-react-jsx-source/download/@babel/plugin-transform-react-jsx-source-7.14.5.tgz?cache=0&sync_timestamp=1623281083734&other_urls=https%3A%2F%2Fregistry.nlark.com%2F%40babel%2Fplugin-transform-react-jsx-source%2Fdownload%2F%40babel%2Fplugin-transform-react-jsx-source-7.14.5.tgz#79f728e60e6dbd31a2b860b0bf6c9765918acf1d"
    integrity sha1-efco5g5tvTGiuGCwv2yXZZGKzx0=
    dependencies:
      "@babel/helper-plugin-utils" "^7.14.5"
  
  "@babel/runtime@^7.10.1", "@babel/runtime@^7.10.2", "@babel/runtime@^7.10.4", "@babel/runtime@^7.11.1", "@babel/runtime@^7.11.2", "@babel/runtime@^7.12.5", "@babel/runtime@^7.14.0", "@babel/runtime@^7.3.1", "@babel/runtime@^7.4.4", "@babel/runtime@^7.5.5", "@babel/runtime@^7.8.3", "@babel/runtime@^7.8.4", "@babel/runtime@^7.8.7":
    version "7.15.3"
    resolved "https://registry.nlark.com/@babel/runtime/download/@babel/runtime-7.15.3.tgz#2e1c2880ca118e5b2f9988322bd8a7656a32502b"
    integrity sha1-LhwogMoRjlsvmYgyK9inZWoyUCs=
    dependencies:
      regenerator-runtime "^0.13.4"
  
  "@babel/template@^7.14.5":
    version "7.14.5"
    resolved "https://registry.nlark.com/@babel/template/download/@babel/template-7.14.5.tgz?cache=0&sync_timestamp=1623280386138&other_urls=https%3A%2F%2Fregistry.nlark.com%2F%40babel%2Ftemplate%2Fdownload%2F%40babel%2Ftemplate-7.14.5.tgz#a9bc9d8b33354ff6e55a9c60d1109200a68974f4"
    integrity sha1-qbydizM1T/blWpxg0RCSAKaJdPQ=
    dependencies:
      "@babel/code-frame" "^7.14.5"
      "@babel/parser" "^7.14.5"
      "@babel/types" "^7.14.5"
  
  "@babel/traverse@^7.15.0", "@babel/traverse@^7.4.5":
    version "7.15.0"
    resolved "https://registry.nlark.com/@babel/traverse/download/@babel/traverse-7.15.0.tgz#4cca838fd1b2a03283c1f38e141f639d60b3fc98"
    integrity sha1-TMqDj9GyoDKDwfOOFB9jnWCz/Jg=
    dependencies:
      "@babel/code-frame" "^7.14.5"
      "@babel/generator" "^7.15.0"
      "@babel/helper-function-name" "^7.14.5"
      "@babel/helper-hoist-variables" "^7.14.5"
      "@babel/helper-split-export-declaration" "^7.14.5"
      "@babel/parser" "^7.15.0"
      "@babel/types" "^7.15.0"
      debug "^4.1.0"
      globals "^11.1.0"
  
  "@babel/types@^7.14.5", "@babel/types@^7.14.8", "@babel/types@^7.15.0":
    version "7.15.0"
    resolved "https://registry.nlark.com/@babel/types/download/@babel/types-7.15.0.tgz#61af11f2286c4e9c69ca8deb5f4375a73c72dcbd"
    integrity sha1-Ya8R8ihsTpxpyo3rX0N1pzxy3L0=
    dependencies:
      "@babel/helper-validator-identifier" "^7.14.9"
      to-fast-properties "^2.0.0"
  
  "@better-scroll/core@^2.3.1", "@better-scroll/core@^2.4.2":
    version "2.4.2"
    resolved "https://registry.nlark.com/@better-scroll/core/download/@better-scroll/core-2.4.2.tgz#e69470012d79923a18034c3e4931720fbb06eae5"
    integrity sha1-5pRwAS15kjoYA0w+STFyD7sG6uU=
    dependencies:
      "@better-scroll/shared-utils" "^2.4.2"
  
  "@better-scroll/indicators@^2.3.1":
    version "2.4.2"
    resolved "https://registry.nlark.com/@better-scroll/indicators/download/@better-scroll/indicators-2.4.2.tgz#9c72647a764e540f3ff356937c54d82c771c78aa"
    integrity sha1-nHJkenZOVA8/81aTfFTYLHcceKo=
    dependencies:
      "@better-scroll/core" "^2.4.2"
  
  "@better-scroll/infinity@^2.3.1":
    version "2.4.2"
    resolved "https://registry.nlark.com/@better-scroll/infinity/download/@better-scroll/infinity-2.4.2.tgz#82c3e61555feaf1d3882cfa35eeb1cce09f91e1b"
    integrity sha1-gsPmFVX+rx04gs+jXusczgn5Hhs=
    dependencies:
      "@better-scroll/core" "^2.4.2"
  
  "@better-scroll/mouse-wheel@^2.3.1":
    version "2.4.2"
    resolved "https://registry.nlark.com/@better-scroll/mouse-wheel/download/@better-scroll/mouse-wheel-2.4.2.tgz#dea70a60dc2a3795ef6ad569d2dea5b4c7e9af4c"
    integrity sha1-3qcKYNwqN5XvatVp0t6ltMfpr0w=
    dependencies:
      "@better-scroll/core" "^2.4.2"
  
  "@better-scroll/movable@^2.3.1":
    version "2.4.2"
    resolved "https://registry.nlark.com/@better-scroll/movable/download/@better-scroll/movable-2.4.2.tgz?cache=0&sync_timestamp=1627912472610&other_urls=https%3A%2F%2Fregistry.nlark.com%2F%40better-scroll%2Fmovable%2Fdownload%2F%40better-scroll%2Fmovable-2.4.2.tgz#f385e65d23cea2031fddc52dd4eb4f52bd5fc4e7"
    integrity sha1-84XmXSPOogMf3cUt1OtPUr1fxOc=
    dependencies:
      "@better-scroll/core" "^2.4.2"
  
  "@better-scroll/nested-scroll@^2.3.1":
    version "2.4.2"
    resolved "https://registry.nlark.com/@better-scroll/nested-scroll/download/@better-scroll/nested-scroll-2.4.2.tgz#44680f4b02176461250e6be6d95f2ac6169a1c98"
    integrity sha1-RGgPSwIXZGElDmvm2V8qxhaaHJg=
    dependencies:
      "@better-scroll/core" "^2.4.2"
  
  "@better-scroll/observe-dom@^2.3.1":
    version "2.4.2"
    resolved "https://registry.nlark.com/@better-scroll/observe-dom/download/@better-scroll/observe-dom-2.4.2.tgz?cache=0&sync_timestamp=1627912476418&other_urls=https%3A%2F%2Fregistry.nlark.com%2F%40better-scroll%2Fobserve-dom%2Fdownload%2F%40better-scroll%2Fobserve-dom-2.4.2.tgz#cc1e6d82a8f53525c282c9a4bcea5d1be8c21c95"
    integrity sha1-zB5tgqj1NSXCgsmkvOpdG+jCHJU=
    dependencies:
      "@better-scroll/core" "^2.4.2"
  
  "@better-scroll/observe-image@^2.3.1":
    version "2.4.2"
    resolved "https://registry.nlark.com/@better-scroll/observe-image/download/@better-scroll/observe-image-2.4.2.tgz#b6e55d231d0bb2571dbb18778da92cfbdde2dd54"
    integrity sha1-tuVdIx0Lslcduxh3jaks+93i3VQ=
    dependencies:
      "@better-scroll/core" "^2.4.2"
  
  "@better-scroll/pull-down@^2.3.1":
    version "2.4.2"
    resolved "https://registry.nlark.com/@better-scroll/pull-down/download/@better-scroll/pull-down-2.4.2.tgz#6b98b28bd73e9b694b0857a9c73879e70339cb96"
    integrity sha1-a5iyi9c+m2lLCFepxzh55wM5y5Y=
    dependencies:
      "@better-scroll/core" "^2.4.2"
  
  "@better-scroll/pull-up@^2.3.1":
    version "2.4.2"
    resolved "https://registry.nlark.com/@better-scroll/pull-up/download/@better-scroll/pull-up-2.4.2.tgz#25357ceef7bac7520930f0631896b63a10f82a6f"
    integrity sha1-JTV87ve6x1IJMPBjGJa2OhD4Km8=
    dependencies:
      "@better-scroll/core" "^2.4.2"
  
  "@better-scroll/scroll-bar@^2.3.1":
    version "2.4.2"
    resolved "https://registry.nlark.com/@better-scroll/scroll-bar/download/@better-scroll/scroll-bar-2.4.2.tgz#257856a1da27d65eb899ac26f01060afbf800bdb"
    integrity sha1-JXhWodon1l64mawm8BBgr7+AC9s=
    dependencies:
      "@better-scroll/core" "^2.4.2"
  
  "@better-scroll/shared-utils@^2.4.2":
    version "2.4.2"
    resolved "https://registry.nlark.com/@better-scroll/shared-utils/download/@better-scroll/shared-utils-2.4.2.tgz#1ac5c97495727093a22a8009560795dd5e3c18da"
    integrity sha1-GsXJdJVycJOiKoAJVgeV3V48GNo=
  
  "@better-scroll/slide@^2.3.1":
    version "2.4.2"
    resolved "https://registry.nlark.com/@better-scroll/slide/download/@better-scroll/slide-2.4.2.tgz#024528ae57516a2ee99bea346381589e4e6a039c"
    integrity sha1-AkUorldRai7pm+o0Y4FYnk5qA5w=
    dependencies:
      "@better-scroll/core" "^2.4.2"
  
  "@better-scroll/wheel@^2.3.1":
    version "2.4.2"
    resolved "https://registry.nlark.com/@better-scroll/wheel/download/@better-scroll/wheel-2.4.2.tgz#0dd74b03599e01a82d55d29f6dcad7a8a503bd75"
    integrity sha1-DddLA1meAagtVdKfbcrXqKUDvXU=
    dependencies:
      "@better-scroll/core" "^2.4.2"
  
  "@better-scroll/zoom@^2.3.1":
    version "2.4.2"
    resolved "https://registry.nlark.com/@better-scroll/zoom/download/@better-scroll/zoom-2.4.2.tgz?cache=0&sync_timestamp=1627912470609&other_urls=https%3A%2F%2Fregistry.nlark.com%2F%40better-scroll%2Fzoom%2Fdownload%2F%40better-scroll%2Fzoom-2.4.2.tgz#c26c2df3312ed75b31f0203c5f2e6181abc06c5e"
    integrity sha1-wmwt8zEu11sx8CA8Xy5hgavAbF4=
    dependencies:
      "@better-scroll/core" "^2.4.2"
  
  "@ctrl/tinycolor@^3.4.0":
    version "3.4.0"
    resolved "https://registry.nlark.com/@ctrl/tinycolor/download/@ctrl/tinycolor-3.4.0.tgz#c3c5ae543c897caa9c2a68630bed355be5f9990f"
    integrity sha1-w8WuVDyJfKqcKmhjC+01W+X5mQ8=
  
  "@emotion/hash@^0.8.0":
    version "0.8.0"
    resolved "https://registry.nlark.com/@emotion/hash/download/@emotion/hash-0.8.0.tgz#bbbff68978fefdbe68ccb533bc8cbe1d1afb5413"
    integrity sha1-u7/2iXj+/b5ozLUzvIy+HRr7VBM=
  
  "@emotion/is-prop-valid@^0.8.8":
    version "0.8.8"
    resolved "https://registry.npm.taobao.org/@emotion/is-prop-valid/download/@emotion/is-prop-valid-0.8.8.tgz?cache=0&sync_timestamp=1612610983826&other_urls=https%3A%2F%2Fregistry.npm.taobao.org%2F%40emotion%2Fis-prop-valid%2Fdownload%2F%40emotion%2Fis-prop-valid-0.8.8.tgz#db28b1c4368a259b60a97311d6a952d4fd01ac1a"
    integrity sha1-2yixxDaKJZtgqXMR1qlS1P0BrBo=
    dependencies:
      "@emotion/memoize" "0.7.4"
  
  "@emotion/memoize@0.7.4":
    version "0.7.4"
    resolved "https://registry.npm.taobao.org/@emotion/memoize/download/@emotion/memoize-0.7.4.tgz?cache=0&sync_timestamp=1607211718513&other_urls=https%3A%2F%2Fregistry.npm.taobao.org%2F%40emotion%2Fmemoize%2Fdownload%2F%40emotion%2Fmemoize-0.7.4.tgz#19bf0f5af19149111c40d98bb0cf82119f5d9eeb"
    integrity sha1-Gb8PWvGRSREcQNmLsM+CEZ9dnus=
  
  "@emotion/stylis@^0.8.4":
    version "0.8.5"
    resolved "https://registry.npm.taobao.org/@emotion/stylis/download/@emotion/stylis-0.8.5.tgz#deacb389bd6ee77d1e7fcaccce9e16c5c7e78e04"
    integrity sha1-3qyzib1u530ef8rMzp4WxcfnjgQ=
  
  "@emotion/unitless@^0.7.4":
    version "0.7.5"
    resolved "https://registry.npm.taobao.org/@emotion/unitless/download/@emotion/unitless-0.7.5.tgz#77211291c1900a700b8a78cfafda3160d76949ed"
    integrity sha1-dyESkcGQCnALinjPr9oxYNdpSe0=
  
  "@material-ui/core@^4.12.3":
    version "4.12.3"
    resolved "https://registry.nlark.com/@material-ui/core/download/@material-ui/core-4.12.3.tgz#80d665caf0f1f034e52355c5450c0e38b099d3ca"
    integrity sha1-gNZlyvDx8DTlI1XFRQwOOLCZ08o=
    dependencies:
      "@babel/runtime" "^7.4.4"
      "@material-ui/styles" "^4.11.4"
      "@material-ui/system" "^4.12.1"
      "@material-ui/types" "5.1.0"
      "@material-ui/utils" "^4.11.2"
      "@types/react-transition-group" "^4.2.0"
      clsx "^1.0.4"
      hoist-non-react-statics "^3.3.2"
      popper.js "1.16.1-lts"
      prop-types "^15.7.2"
      react-is "^16.8.0 || ^17.0.0"
      react-transition-group "^4.4.0"
  
  "@material-ui/icons@^4.11.2":
    version "4.11.2"
    resolved "https://registry.nlark.com/@material-ui/icons/download/@material-ui/icons-4.11.2.tgz#b3a7353266519cd743b6461ae9fdfcb1b25eb4c5"
    integrity sha1-s6c1MmZRnNdDtkYa6f38sbJetMU=
    dependencies:
      "@babel/runtime" "^7.4.4"
  
  "@material-ui/styles@^4.11.4":
    version "4.11.4"
    resolved "https://registry.nlark.com/@material-ui/styles/download/@material-ui/styles-4.11.4.tgz#eb9dfccfcc2d208243d986457dff025497afa00d"
    integrity sha1-6538z8wtIIJD2YZFff8CVJevoA0=
    dependencies:
      "@babel/runtime" "^7.4.4"
      "@emotion/hash" "^0.8.0"
      "@material-ui/types" "5.1.0"
      "@material-ui/utils" "^4.11.2"
      clsx "^1.0.4"
      csstype "^2.5.2"
      hoist-non-react-statics "^3.3.2"
      jss "^10.5.1"
      jss-plugin-camel-case "^10.5.1"
      jss-plugin-default-unit "^10.5.1"
      jss-plugin-global "^10.5.1"
      jss-plugin-nested "^10.5.1"
      jss-plugin-props-sort "^10.5.1"
      jss-plugin-rule-value-function "^10.5.1"
      jss-plugin-vendor-prefixer "^10.5.1"
      prop-types "^15.7.2"
  
  "@material-ui/system@^4.12.1":
    version "4.12.1"
    resolved "https://registry.nlark.com/@material-ui/system/download/@material-ui/system-4.12.1.tgz#2dd96c243f8c0a331b2bb6d46efd7771a399707c"
    integrity sha1-LdlsJD+MCjMbK7bUbv13caOZcHw=
    dependencies:
      "@babel/runtime" "^7.4.4"
      "@material-ui/utils" "^4.11.2"
      csstype "^2.5.2"
      prop-types "^15.7.2"
  
  "@material-ui/types@5.1.0":
    version "5.1.0"
    resolved "https://registry.nlark.com/@material-ui/types/download/@material-ui/types-5.1.0.tgz#efa1c7a0b0eaa4c7c87ac0390445f0f88b0d88f2"
    integrity sha1-76HHoLDqpMfIesA5BEXw+IsNiPI=
  
  "@material-ui/utils@^4.11.2":
    version "4.11.2"
    resolved "https://registry.nlark.com/@material-ui/utils/download/@material-ui/utils-4.11.2.tgz#f1aefa7e7dff2ebcb97d31de51aecab1bb57540a"
    integrity sha1-8a76fn3/Lry5fTHeUa7KsbtXVAo=
    dependencies:
      "@babel/runtime" "^7.4.4"
      prop-types "^15.7.2"
      react-is "^16.8.0 || ^17.0.0"
  
  "@rollup/pluginutils@^4.1.1":
    version "4.1.1"
    resolved "https://registry.nlark.com/@rollup/pluginutils/download/@rollup/pluginutils-4.1.1.tgz#1d4da86dd4eded15656a57d933fda2b9a08d47ec"
    integrity sha1-HU2obdTt7RVlalfZM/2iuaCNR+w=
    dependencies:
      estree-walker "^2.0.1"
      picomatch "^2.2.2"
  
  "@types/hoist-non-react-statics@*":
    version "3.3.1"
    resolved "https://registry.nlark.com/@types/hoist-non-react-statics/download/@types/hoist-non-react-statics-3.3.1.tgz?cache=0&sync_timestamp=1621241339435&other_urls=https%3A%2F%2Fregistry.nlark.com%2F%40types%2Fhoist-non-react-statics%2Fdownload%2F%40types%2Fhoist-non-react-statics-3.3.1.tgz#1124aafe5118cb591977aeb1ceaaed1070eb039f"
    integrity sha1-ESSq/lEYy1kZd66xzqrtEHDrA58=
    dependencies:
      "@types/react" "*"
      hoist-non-react-statics "^3.3.0"
  
  "@types/js-cookie@^2.2.6":
    version "2.2.7"
    resolved "https://registry.nlark.com/@types/js-cookie/download/@types/js-cookie-2.2.7.tgz#226a9e31680835a6188e887f3988e60c04d3f6a3"
    integrity sha1-ImqeMWgINaYYjoh/OYjmDATT9qM=
  
  "@types/prop-types@*":
    version "15.7.4"
    resolved "https://registry.nlark.com/@types/prop-types/download/@types/prop-types-15.7.4.tgz#fcf7205c25dff795ee79af1e30da2c9790808f11"
    integrity sha1-/PcgXCXf95Xuea8eMNosl5CAjxE=
  
  "@types/react-dom@^17.0.0":
    version "17.0.9"
    resolved "https://registry.nlark.com/@types/react-dom/download/@types/react-dom-17.0.9.tgz#441a981da9d7be117042e1a6fd3dac4b30f55add"
    integrity sha1-RBqYHanXvhFwQuGm/T2sSzD1Wt0=
    dependencies:
      "@types/react" "*"
  
  "@types/react-transition-group@^4.2.0":
    version "4.4.2"
    resolved "https://registry.nlark.com/@types/react-transition-group/download/@types/react-transition-group-4.4.2.tgz#38890fd9db68bf1f2252b99a942998dc7877c5b3"
    integrity sha1-OIkP2dtovx8iUrmalCmY3Hh3xbM=
    dependencies:
      "@types/react" "*"
  
  "@types/react@*", "@types/react@^17.0.0":
    version "17.0.19"
    resolved "https://registry.nlark.com/@types/react/download/@types/react-17.0.19.tgz#8f2a85e8180a43b57966b237d26a29481dacc991"
    integrity sha1-jyqF6BgKQ7V5ZrI30mopSB2syZE=
    dependencies:
      "@types/prop-types" "*"
      "@types/scheduler" "*"
      csstype "^3.0.2"
  
  "@types/scheduler@*":
    version "0.16.2"
    resolved "https://registry.nlark.com/@types/scheduler/download/@types/scheduler-0.16.2.tgz?cache=0&sync_timestamp=1625590236866&other_urls=https%3A%2F%2Fregistry.nlark.com%2F%40types%2Fscheduler%2Fdownload%2F%40types%2Fscheduler-0.16.2.tgz#1a62f89525723dde24ba1b01b092bf5df8ad4d39"
    integrity sha1-GmL4lSVyPd4kuhsBsJK/XfitTTk=
  
  "@types/styled-components@^5.1.12":
    version "5.1.12"
    resolved "https://registry.nlark.com/@types/styled-components/download/@types/styled-components-5.1.12.tgz#1a3679942746adecd1e736bfc47aea2c938a7d9a"
    integrity sha1-GjZ5lCdGrezR5za/xHrqLJOKfZo=
    dependencies:
      "@types/hoist-non-react-statics" "*"
      "@types/react" "*"
      csstype "^3.0.2"
  
  "@vitejs/plugin-react-refresh@^1.3.1":
    version "1.3.6"
    resolved "https://registry.nlark.com/@vitejs/plugin-react-refresh/download/@vitejs/plugin-react-refresh-1.3.6.tgz#19818392db01e81746cfeb04e096ab3010e79fe3"
    integrity sha1-GYGDktsB6BdGz+sE4JarMBDnn+M=
    dependencies:
      "@babel/core" "^7.14.8"
      "@babel/plugin-transform-react-jsx-self" "^7.14.5"
      "@babel/plugin-transform-react-jsx-source" "^7.14.5"
      "@rollup/pluginutils" "^4.1.1"
      react-refresh "^0.10.0"
  
  "@zarm-design/icons@^0.1.1":
    version "0.1.1"
    resolved "https://registry.nlark.com/@zarm-design/icons/download/@zarm-design/icons-0.1.1.tgz#6d00da729e4e428c3381fd02274e7d8089ff90cc"
    integrity sha1-bQDacp5OQowzgf0CJ059gIn/kMw=
    dependencies:
      classnames "^2.3.1"
  
  ahooks@^2.10.9:
    version "2.10.9"
    resolved "https://registry.nlark.com/ahooks/download/ahooks-2.10.9.tgz?cache=0&sync_timestamp=1627285516668&other_urls=https%3A%2F%2Fregistry.nlark.com%2Fahooks%2Fdownload%2Fahooks-2.10.9.tgz#531fa1c11bfa1a2aa2697a051ac499147a3a7e0a"
    integrity sha1-Ux+hwRv6GiqiaXoFGsSZFHo6fgo=
    dependencies:
      "@ahooksjs/use-request" "^2.8.10"
      "@types/js-cookie" "^2.2.6"
      dayjs "^1.9.1"
      intersection-observer "^0.7.0"
      js-cookie "^2.2.1"
      lodash.debounce "^4.0.8"
      lodash.isequal "^4.5.0"
      lodash.throttle "^4.1.1"
      resize-observer-polyfill "^1.5.1"
      screenfull "^5.0.0"
  
  ansi-styles@^3.2.1:
    version "3.2.1"
    resolved "https://registry.nlark.com/ansi-styles/download/ansi-styles-3.2.1.tgz?cache=0&sync_timestamp=1618995588464&other_urls=https%3A%2F%2Fregistry.nlark.com%2Fansi-styles%2Fdownload%2Fansi-styles-3.2.1.tgz#41fbb20243e50b12be0f04b8dedbf07520ce841d"
    integrity sha1-QfuyAkPlCxK+DwS43tvwdSDOhB0=
    dependencies:
      color-convert "^1.9.0"
  
  antd@^4.16.12:
    version "4.16.12"
    resolved "https://registry.nlark.com/antd/download/antd-4.16.12.tgz?cache=0&sync_timestamp=1629108947535&other_urls=https%3A%2F%2Fregistry.nlark.com%2Fantd%2Fdownload%2Fantd-4.16.12.tgz#8d32a1ad6a80fd2ea61e6f1c432b31782fd2cd50"
    integrity sha1-jTKhrWqA/S6mHm8cQysxeC/SzVA=
    dependencies:
      "@ant-design/colors" "^6.0.0"
      "@ant-design/icons" "^4.6.3"
      "@ant-design/react-slick" "~0.28.1"
      "@babel/runtime" "^7.12.5"
      array-tree-filter "^2.1.0"
      classnames "^2.2.6"
      copy-to-clipboard "^3.2.0"
      lodash "^4.17.21"
      moment "^2.25.3"
      rc-cascader "~1.4.0"
      rc-checkbox "~2.3.0"
      rc-collapse "~3.1.0"
      rc-dialog "~8.6.0"
      rc-drawer "~4.3.0"
      rc-dropdown "~3.2.0"
      rc-field-form "~1.20.0"
      rc-image "~5.2.5"
      rc-input-number "~7.1.0"
      rc-mentions "~1.6.1"
      rc-menu "~9.0.12"
      rc-motion "^2.4.0"
      rc-notification "~4.5.7"
      rc-pagination "~3.1.9"
      rc-picker "~2.5.10"
      rc-progress "~3.1.0"
      rc-rate "~2.9.0"
      rc-resize-observer "^1.0.0"
      rc-select "~12.1.6"
      rc-slider "~9.7.1"
      rc-steps "~4.1.0"
      rc-switch "~3.2.0"
      rc-table "~7.15.1"
      rc-tabs "~11.10.0"
      rc-textarea "~0.3.0"
      rc-tooltip "~5.1.1"
      rc-tree "~4.2.1"
      rc-tree-select "~4.3.0"
      rc-trigger "^5.2.10"
      rc-upload "~4.3.0"
      rc-util "^5.13.1"
      scroll-into-view-if-needed "^2.2.25"
  
  array-tree-filter@^2.1.0:
    version "2.1.0"
    resolved "https://registry.nlark.com/array-tree-filter/download/array-tree-filter-2.1.0.tgz#873ac00fec83749f255ac8dd083814b4f6329190"
    integrity sha1-hzrAD+yDdJ8lWsjdCDgUtPYykZA=
  
  async-validator@^3.0.3:
    version "3.5.2"
    resolved "https://registry.nlark.com/async-validator/download/async-validator-3.5.2.tgz?cache=0&other_urls=https%3A%2F%2Fregistry.nlark.com%2Fasync-validator%2Fdownload%2Fasync-validator-3.5.2.tgz#68e866a96824e8b2694ff7a831c1a25c44d5e500"
    integrity sha1-aOhmqWgk6LJpT/eoMcGiXETV5QA=
  
  "babel-plugin-styled-components@>= 1.12.0":
    version "1.13.2"
    resolved "https://registry.nlark.com/babel-plugin-styled-components/download/babel-plugin-styled-components-1.13.2.tgz?cache=0&sync_timestamp=1625756941569&other_urls=https%3A%2F%2Fregistry.nlark.com%2Fbabel-plugin-styled-components%2Fdownload%2Fbabel-plugin-styled-components-1.13.2.tgz#ebe0e6deff51d7f93fceda1819e9b96aeb88278d"
    integrity sha1-6+Dm3v9R1/k/ztoYGem5auuIJ40=
    dependencies:
      "@babel/helper-annotate-as-pure" "^7.0.0"
      "@babel/helper-module-imports" "^7.0.0"
      babel-plugin-syntax-jsx "^6.18.0"
      lodash "^4.17.11"
  
  babel-plugin-syntax-jsx@^6.18.0:
    version "6.18.0"
    resolved "https://registry.npm.taobao.org/babel-plugin-syntax-jsx/download/babel-plugin-syntax-jsx-6.18.0.tgz#0af32a9a6e13ca7a3fd5069e62d7b0f58d0d8946"
    integrity sha1-CvMqmm4Tyno/1QaeYtew9Y0NiUY=
  
  better-scroll@2.3.1:
    version "2.3.1"
    resolved "https://registry.nlark.com/better-scroll/download/better-scroll-2.3.1.tgz#56acf254adc09528c5f6d6e0be216932674944e9"
    integrity sha1-VqzyVK3AlSjF9tbgviFpMmdJROk=
    dependencies:
      "@better-scroll/core" "^2.3.1"
      "@better-scroll/indicators" "^2.3.1"
      "@better-scroll/infinity" "^2.3.1"
      "@better-scroll/mouse-wheel" "^2.3.1"
      "@better-scroll/movable" "^2.3.1"
      "@better-scroll/nested-scroll" "^2.3.1"
      "@better-scroll/observe-dom" "^2.3.1"
      "@better-scroll/observe-image" "^2.3.1"
      "@better-scroll/pull-down" "^2.3.1"
      "@better-scroll/pull-up" "^2.3.1"
      "@better-scroll/scroll-bar" "^2.3.1"
      "@better-scroll/slide" "^2.3.1"
      "@better-scroll/wheel" "^2.3.1"
      "@better-scroll/zoom" "^2.3.1"
  
  browserslist@^4.16.6:
    version "4.16.8"
    resolved "https://registry.nlark.com/browserslist/download/browserslist-4.16.8.tgz#cb868b0b554f137ba6e33de0ecff2eda403c4fb0"
    integrity sha1-y4aLC1VPE3um4z3g7P8u2kA8T7A=
    dependencies:
      caniuse-lite "^1.0.30001251"
      colorette "^1.3.0"
      electron-to-chromium "^1.3.811"
      escalade "^3.1.1"
      node-releases "^1.1.75"
  
  camelize@^1.0.0:
    version "1.0.0"
    resolved "https://registry.npm.taobao.org/camelize/download/camelize-1.0.0.tgz#164a5483e630fa4321e5af07020e531831b2609b"
    integrity sha1-FkpUg+Yw+kMh5a8HAg5TGDGyYJs=
  
  caniuse-lite@^1.0.30001251:
    version "1.0.30001251"
    resolved "https://registry.nlark.com/caniuse-lite/download/caniuse-lite-1.0.30001251.tgz?cache=0&sync_timestamp=1628744198573&other_urls=https%3A%2F%2Fregistry.nlark.com%2Fcaniuse-lite%2Fdownload%2Fcaniuse-lite-1.0.30001251.tgz#6853a606ec50893115db660f82c094d18f096d85"
    integrity sha1-aFOmBuxQiTEV22YPgsCU0Y8JbYU=
  
  chalk@^2.0.0:
    version "2.4.2"
    resolved "https://registry.nlark.com/chalk/download/chalk-2.4.2.tgz?cache=0&sync_timestamp=1627646655305&other_urls=https%3A%2F%2Fregistry.nlark.com%2Fchalk%2Fdownload%2Fchalk-2.4.2.tgz#cd42541677a54333cf541a49108c1432b44c9424"
    integrity sha1-zUJUFnelQzPPVBpJEIwUMrRMlCQ=
    dependencies:
      ansi-styles "^3.2.1"
      escape-string-regexp "^1.0.5"
      supports-color "^5.3.0"
  
  classnames@2.2.6:
    version "2.2.6"
    resolved "https://registry.npm.taobao.org/classnames/download/classnames-2.2.6.tgz#43935bffdd291f326dad0a205309b38d00f650ce"
    integrity sha1-Q5Nb/90pHzJtrQogUwmzjQD2UM4=
  
  classnames@2.x, classnames@^2.2.1, classnames@^2.2.3, classnames@^2.2.5, classnames@^2.2.6, classnames@^2.3.1:
    version "2.3.1"
    resolved "https://registry.npm.taobao.org/classnames/download/classnames-2.3.1.tgz#dfcfa3891e306ec1dad105d0e88f4417b8535e8e"
    integrity sha1-38+jiR4wbsHa0QXQ6I9EF7hTXo4=
  
  clsx@^1.0.4:
    version "1.1.1"
    resolved "https://registry.npm.taobao.org/clsx/download/clsx-1.1.1.tgz#98b3134f9abbdf23b2663491ace13c5c03a73188"
    integrity sha1-mLMTT5q73yOyZjSRrOE8XAOnMYg=
  
  color-convert@^1.9.0, color-convert@^1.9.3:
    version "1.9.3"
    resolved "https://registry.nlark.com/color-convert/download/color-convert-1.9.3.tgz#bb71850690e1f136567de629d2d5471deda4c1e8"
    integrity sha1-u3GFBpDh8TZWfeYp0tVHHe2kweg=
    dependencies:
      color-name "1.1.3"
  
  color-name@1.1.3:
    version "1.1.3"
    resolved "https://registry.npm.taobao.org/color-name/download/color-name-1.1.3.tgz#a7d0558bd89c42f795dd42328f740831ca53bc25"
    integrity sha1-p9BVi9icQveV3UIyj3QIMcpTvCU=
  
  color-name@^1.0.0:
    version "1.1.4"
    resolved "https://registry.npm.taobao.org/color-name/download/color-name-1.1.4.tgz#c2a09a87acbde69543de6f63fa3995c826c536a2"
    integrity sha1-wqCah6y95pVD3m9j+jmVyCbFNqI=
  
  color-string@^1.6.0:
    version "1.6.0"
    resolved "https://registry.nlark.com/color-string/download/color-string-1.6.0.tgz?cache=0&sync_timestamp=1626503533872&other_urls=https%3A%2F%2Fregistry.nlark.com%2Fcolor-string%2Fdownload%2Fcolor-string-1.6.0.tgz#c3915f61fe267672cb7e1e064c9d692219f6c312"
    integrity sha1-w5FfYf4mdnLLfh4GTJ1pIhn2wxI=
    dependencies:
      color-name "^1.0.0"
      simple-swizzle "^0.2.2"
  
  color@^3.1.3:
    version "3.2.1"
    resolved "https://registry.nlark.com/color/download/color-3.2.1.tgz?cache=0&sync_timestamp=1628104040071&other_urls=https%3A%2F%2Fregistry.nlark.com%2Fcolor%2Fdownload%2Fcolor-3.2.1.tgz#3544dc198caf4490c3ecc9a790b54fe9ff45e164"
    integrity sha1-NUTcGYyvRJDD7MmnkLVP6f9F4WQ=
    dependencies:
      color-convert "^1.9.3"
      color-string "^1.6.0"
  
  colorette@^1.2.2, colorette@^1.3.0:
    version "1.3.0"
    resolved "https://registry.nlark.com/colorette/download/colorette-1.3.0.tgz#ff45d2f0edb244069d3b772adeb04fed38d0a0af"
    integrity sha1-/0XS8O2yRAadO3cq3rBP7TjQoK8=
  
  compute-scroll-into-view@^1.0.17:
    version "1.0.17"
    resolved "https://registry.npm.taobao.org/compute-scroll-into-view/download/compute-scroll-into-view-1.0.17.tgz#6a88f18acd9d42e9cf4baa6bec7e0522607ab7ab"
    integrity sha1-aojxis2dQunPS6pr7H4FImB6t6s=
  
  convert-source-map@^1.7.0:
    version "1.8.0"
    resolved "https://registry.nlark.com/convert-source-map/download/convert-source-map-1.8.0.tgz?cache=0&sync_timestamp=1624045420970&other_urls=https%3A%2F%2Fregistry.nlark.com%2Fconvert-source-map%2Fdownload%2Fconvert-source-map-1.8.0.tgz#f3373c32d21b4d780dd8004514684fb791ca4369"
    integrity sha1-8zc8MtIbTXgN2ABFFGhPt5HKQ2k=
    dependencies:
      safe-buffer "~5.1.1"
  
  copy-to-clipboard@^3.2.0:
    version "3.3.1"
    resolved "https://registry.npm.taobao.org/copy-to-clipboard/download/copy-to-clipboard-3.3.1.tgz#115aa1a9998ffab6196f93076ad6da3b913662ae"
    integrity sha1-EVqhqZmP+rYZb5MHatbaO5E2Yq4=
    dependencies:
      toggle-selection "^1.0.6"
  
  css-color-keywords@^1.0.0:
    version "1.0.0"
    resolved "https://registry.npm.taobao.org/css-color-keywords/download/css-color-keywords-1.0.0.tgz#fea2616dc676b2962686b3af8dbdbe180b244e05"
    integrity sha1-/qJhbcZ2spYmhrOvjb2+GAskTgU=
  
  css-to-react-native@^3.0.0:
    version "3.0.0"
    resolved "https://registry.npm.taobao.org/css-to-react-native/download/css-to-react-native-3.0.0.tgz#62dbe678072a824a689bcfee011fc96e02a7d756"
    integrity sha1-YtvmeAcqgkpom8/uAR/JbgKn11Y=
    dependencies:
      camelize "^1.0.0"
      css-color-keywords "^1.0.0"
      postcss-value-parser "^4.0.2"
  
  css-vendor@^2.0.8:
    version "2.0.8"
    resolved "https://registry.nlark.com/css-vendor/download/css-vendor-2.0.8.tgz#e47f91d3bd3117d49180a3c935e62e3d9f7f449d"
    integrity sha1-5H+R070xF9SRgKPJNeYuPZ9/RJ0=
    dependencies:
      "@babel/runtime" "^7.8.3"
      is-in-browser "^1.0.2"
  
  csstype@^2.5.2:
    version "2.6.17"
    resolved "https://registry.nlark.com/csstype/download/csstype-2.6.17.tgz#4cf30eb87e1d1a005d8b6510f95292413f6a1c0e"
    integrity sha1-TPMOuH4dGgBdi2UQ+VKSQT9qHA4=
  
  csstype@^3.0.2:
    version "3.0.8"
    resolved "https://registry.nlark.com/csstype/download/csstype-3.0.8.tgz#d2266a792729fb227cd216fb572f43728e1ad340"
    integrity sha1-0iZqeScp+yJ80hb7Vy9Dco4a00A=
  
  date-fns@2.x:
    version "2.23.0"
    resolved "https://registry.nlark.com/date-fns/download/date-fns-2.23.0.tgz#4e886c941659af0cf7b30fafdd1eaa37e88788a9"
    integrity sha1-TohslBZZrwz3sw+v3R6qN+iHiKk=
  
  dayjs@1.x, dayjs@^1.9.1:
    version "1.10.6"
    resolved "https://registry.nlark.com/dayjs/download/dayjs-1.10.6.tgz?cache=0&sync_timestamp=1625557417200&other_urls=https%3A%2F%2Fregistry.nlark.com%2Fdayjs%2Fdownload%2Fdayjs-1.10.6.tgz#288b2aa82f2d8418a6c9d4df5898c0737ad02a63"
    integrity sha1-KIsqqC8thBimydTfWJjAc3rQKmM=
  
  debug@^4.1.0:
    version "4.3.2"
    resolved "https://registry.nlark.com/debug/download/debug-4.3.2.tgz?cache=0&sync_timestamp=1625374648057&other_urls=https%3A%2F%2Fregistry.nlark.com%2Fdebug%2Fdownload%2Fdebug-4.3.2.tgz#f0a49c18ac8779e31d4a0c6029dfb76873c7428b"
    integrity sha1-8KScGKyHeeMdSgxgKd+3aHPHQos=
    dependencies:
      ms "2.1.2"
  
  dom-align@^1.7.0:
    version "1.12.2"
    resolved "https://registry.nlark.com/dom-align/download/dom-align-1.12.2.tgz#0f8164ebd0c9c21b0c790310493cd855892acd4b"
    integrity sha1-D4Fk69DJwhsMeQMQSTzYVYkqzUs=
  
  dom-helpers@^5.0.1:
    version "5.2.1"
    resolved "https://registry.nlark.com/dom-helpers/download/dom-helpers-5.2.1.tgz#d9400536b2bf8225ad98fe052e029451ac40e902"
    integrity sha1-2UAFNrK/giWtmP4FLgKUUaxA6QI=
    dependencies:
      "@babel/runtime" "^7.8.7"
      csstype "^3.0.2"
  
  electron-to-chromium@^1.3.811:
    version "1.3.814"
    resolved "https://registry.nlark.com/electron-to-chromium/download/electron-to-chromium-1.3.814.tgz#418fad80c3276a46103ca72a21a8290620d83c4a"
    integrity sha1-QY+tgMMnakYQPKcqIagpBiDYPEo=
  
  esbuild@^0.12.17:
    version "0.12.22"
    resolved "https://registry.nlark.com/esbuild/download/esbuild-0.12.22.tgz?cache=0&sync_timestamp=1629513259785&other_urls=https%3A%2F%2Fregistry.nlark.com%2Fesbuild%2Fdownload%2Fesbuild-0.12.22.tgz#6031a1257b8d0307d306bed673b79c3668607f51"
    integrity sha1-YDGhJXuNAwfTBr7Wc7ecNmhgf1E=
  
  escalade@^3.1.1:
    version "3.1.1"
    resolved "https://registry.npm.taobao.org/escalade/download/escalade-3.1.1.tgz#d8cfdc7000965c5a0174b4a82eaa5c0552742e40"
    integrity sha1-2M/ccACWXFoBdLSoLqpcBVJ0LkA=
  
  escape-string-regexp@^1.0.5:
    version "1.0.5"
    resolved "https://registry.nlark.com/escape-string-regexp/download/escape-string-regexp-1.0.5.tgz#1b61c0562190a8dff6ae3bb2cf0200ca130b86d4"
    integrity sha1-G2HAViGQqN/2rjuyzwIAyhMLhtQ=
  
  estree-walker@^2.0.1:
    version "2.0.2"
    resolved "https://registry.npm.taobao.org/estree-walker/download/estree-walker-2.0.2.tgz#52f010178c2a4c117a7757cfe942adb7d2da4cac"
    integrity sha1-UvAQF4wqTBF6d1fP6UKtt9LaTKw=
  
  fsevents@~2.3.2:
    version "2.3.2"
    resolved "https://registry.nlark.com/fsevents/download/fsevents-2.3.2.tgz#8a526f78b8fdf4623b709e0b975c52c24c02fd1a"
    integrity sha1-ilJveLj99GI7cJ4Ll1xSwkwC/Ro=
  
  function-bind@^1.1.1:
    version "1.1.1"
    resolved "https://registry.nlark.com/function-bind/download/function-bind-1.1.1.tgz#a56899d3ea3c9bab874bb9773b7c5ede92f4895d"
    integrity sha1-pWiZ0+o8m6uHS7l3O3xe3pL0iV0=
  
  gensync@^1.0.0-beta.2:
    version "1.0.0-beta.2"
    resolved "https://registry.nlark.com/gensync/download/gensync-1.0.0-beta.2.tgz#32a6ee76c3d7f52d46b2b1ae5d93fea8580a25e0"
    integrity sha1-MqbudsPX9S1GsrGuXZP+qFgKJeA=
  
  globals@^11.1.0:
    version "11.12.0"
    resolved "https://registry.nlark.com/globals/download/globals-11.12.0.tgz#ab8795338868a0babd8525758018c2a7eb95c42e"
    integrity sha1-q4eVM4hooLq9hSV1gBjCp+uVxC4=
  
  has-flag@^3.0.0:
    version "3.0.0"
    resolved "https://registry.nlark.com/has-flag/download/has-flag-3.0.0.tgz?cache=0&sync_timestamp=1626715907927&other_urls=https%3A%2F%2Fregistry.nlark.com%2Fhas-flag%2Fdownload%2Fhas-flag-3.0.0.tgz#b5d454dc2199ae225699f3467e5a07f3b955bafd"
    integrity sha1-tdRU3CGZriJWmfNGfloH87lVuv0=
  
  has@^1.0.3:
    version "1.0.3"
    resolved "https://registry.nlark.com/has/download/has-1.0.3.tgz#722d7cbfc1f6aa8241f16dd814e011e1f41e8796"
    integrity sha1-ci18v8H2qoJB8W3YFOAR4fQeh5Y=
    dependencies:
      function-bind "^1.1.1"
  
  hoist-non-react-statics@^3.0.0, hoist-non-react-statics@^3.3.0, hoist-non-react-statics@^3.3.2:
    version "3.3.2"
    resolved "https://registry.nlark.com/hoist-non-react-statics/download/hoist-non-react-statics-3.3.2.tgz#ece0acaf71d62c2969c2ec59feff42a4b1a85b45"
    integrity sha1-7OCsr3HWLClpwuxZ/v9CpLGoW0U=
    dependencies:
      react-is "^16.7.0"
  
  hyphenate-style-name@^1.0.3:
    version "1.0.4"
    resolved "https://registry.nlark.com/hyphenate-style-name/download/hyphenate-style-name-1.0.4.tgz#691879af8e220aea5750e8827db4ef62a54e361d"
    integrity sha1-aRh5r44iCupXUOiCfbTvYqVONh0=
  
  intersection-observer@^0.7.0:
    version "0.7.0"
    resolved "https://registry.npm.taobao.org/intersection-observer/download/intersection-observer-0.7.0.tgz?cache=0&sync_timestamp=1607914497037&other_urls=https%3A%2F%2Fregistry.npm.taobao.org%2Fintersection-observer%2Fdownload%2Fintersection-observer-0.7.0.tgz#ee16bee978db53516ead2f0a8154b09b400bbdc9"
    integrity sha1-7ha+6XjbU1FurS8KgVSwm0ALvck=
  
  is-arrayish@^0.3.1:
    version "0.3.2"
    resolved "https://registry.npm.taobao.org/is-arrayish/download/is-arrayish-0.3.2.tgz#4574a2ae56f7ab206896fb431eaeed066fdf8f03"
    integrity sha1-RXSirlb3qyBolvtDHq7tBm/fjwM=
  
  is-core-module@^2.2.0:
    version "2.6.0"
    resolved "https://registry.nlark.com/is-core-module/download/is-core-module-2.6.0.tgz?cache=0&sync_timestamp=1629224905008&other_urls=https%3A%2F%2Fregistry.nlark.com%2Fis-core-module%2Fdownload%2Fis-core-module-2.6.0.tgz#d7553b2526fe59b92ba3e40c8df757ec8a709e19"
    integrity sha1-11U7JSb+Wbkro+QMjfdX7Ipwnhk=
    dependencies:
      has "^1.0.3"
  
  is-in-browser@^1.0.2, is-in-browser@^1.1.3:
    version "1.1.3"
    resolved "https://registry.npm.taobao.org/is-in-browser/download/is-in-browser-1.1.3.tgz?cache=0&sync_timestamp=1612712343060&other_urls=https%3A%2F%2Fregistry.npm.taobao.org%2Fis-in-browser%2Fdownload%2Fis-in-browser-1.1.3.tgz#56ff4db683a078c6082eb95dad7dc62e1d04f835"
    integrity sha1-Vv9NtoOgeMYILrldrX3GLh0E+DU=
  
  js-cookie@^2.2.1:
    version "2.2.1"
    resolved "https://registry.nlark.com/js-cookie/download/js-cookie-2.2.1.tgz?cache=0&other_urls=https%3A%2F%2Fregistry.nlark.com%2Fjs-cookie%2Fdownload%2Fjs-cookie-2.2.1.tgz#69e106dc5d5806894562902aa5baec3744e9b2b8"
    integrity sha1-aeEG3F1YBolFYpAqpbrsN0Tpsrg=
  
  "js-tokens@^3.0.0 || ^4.0.0", js-tokens@^4.0.0:
    version "4.0.0"
    resolved "https://registry.nlark.com/js-tokens/download/js-tokens-4.0.0.tgz#19203fb59991df98e3a287050d4647cdeaf32499"
    integrity sha1-GSA/tZmR35jjoocFDUZHzerzJJk=
  
  jsesc@^2.5.1:
    version "2.5.2"
    resolved "https://registry.nlark.com/jsesc/download/jsesc-2.5.2.tgz#80564d2e483dacf6e8ef209650a67df3f0c283a4"
    integrity sha1-gFZNLkg9rPbo7yCWUKZ98/DCg6Q=
  
  json2mq@^0.2.0:
    version "0.2.0"
    resolved "https://registry.npm.taobao.org/json2mq/download/json2mq-0.2.0.tgz#b637bd3ba9eabe122c83e9720483aeb10d2c904a"
    integrity sha1-tje9O6nqvhIsg+lyBIOusQ0skEo=
    dependencies:
      string-convert "^0.2.0"
  
  json5@^2.1.2:
    version "2.2.0"
    resolved "https://registry.npm.taobao.org/json5/download/json5-2.2.0.tgz#2dfefe720c6ba525d9ebd909950f0515316c89a3"
    integrity sha1-Lf7+cgxrpSXZ69kJlQ8FFTFsiaM=
    dependencies:
      minimist "^1.2.5"
  
  jss-plugin-camel-case@^10.5.1:
    version "10.7.1"
    resolved "https://registry.nlark.com/jss-plugin-camel-case/download/jss-plugin-camel-case-10.7.1.tgz?cache=0&other_urls=https%3A%2F%2Fregistry.nlark.com%2Fjss-plugin-camel-case%2Fdownload%2Fjss-plugin-camel-case-10.7.1.tgz#e7f7097cf97e9deec599cef3275e213452318b93"
    integrity sha1-5/cJfPl+ne7Fmc7zJ14hNFIxi5M=
    dependencies:
      "@babel/runtime" "^7.3.1"
      hyphenate-style-name "^1.0.3"
      jss "10.7.1"
  
  jss-plugin-default-unit@^10.5.1:
    version "10.7.1"
    resolved "https://registry.nlark.com/jss-plugin-default-unit/download/jss-plugin-default-unit-10.7.1.tgz?cache=0&other_urls=https%3A%2F%2Fregistry.nlark.com%2Fjss-plugin-default-unit%2Fdownload%2Fjss-plugin-default-unit-10.7.1.tgz#826270e2ee38d7024a281ac67c30d6944f124786"
    integrity sha1-gmJw4u441wJKKBrGfDDWlE8SR4Y=
    dependencies:
      "@babel/runtime" "^7.3.1"
      jss "10.7.1"
  
  jss-plugin-global@^10.5.1:
    version "10.7.1"
    resolved "https://registry.nlark.com/jss-plugin-global/download/jss-plugin-global-10.7.1.tgz?cache=0&other_urls=https%3A%2F%2Fregistry.nlark.com%2Fjss-plugin-global%2Fdownload%2Fjss-plugin-global-10.7.1.tgz#9725c46d662aac2e596a0a8741944c060e2b90a1"
    integrity sha1-lyXEbWYqrC5ZagqHQZRMBg4rkKE=
    dependencies:
      "@babel/runtime" "^7.3.1"
      jss "10.7.1"
  
  jss-plugin-nested@^10.5.1:
    version "10.7.1"
    resolved "https://registry.nlark.com/jss-plugin-nested/download/jss-plugin-nested-10.7.1.tgz?cache=0&other_urls=https%3A%2F%2Fregistry.nlark.com%2Fjss-plugin-nested%2Fdownload%2Fjss-plugin-nested-10.7.1.tgz#35563a7a710a45307fd6b9742ffada1d72a62eb7"
    integrity sha1-NVY6enEKRTB/1rl0L/raHXKmLrc=
    dependencies:
      "@babel/runtime" "^7.3.1"
      jss "10.7.1"
      tiny-warning "^1.0.2"
  
  jss-plugin-props-sort@^10.5.1:
    version "10.7.1"
    resolved "https://registry.nlark.com/jss-plugin-props-sort/download/jss-plugin-props-sort-10.7.1.tgz?cache=0&other_urls=https%3A%2F%2Fregistry.nlark.com%2Fjss-plugin-props-sort%2Fdownload%2Fjss-plugin-props-sort-10.7.1.tgz#1d12b26048541ed3a2ed1b69f7fc231605728362"
    integrity sha1-HRKyYEhUHtOi7Rtp9/wjFgVyg2I=
    dependencies:
      "@babel/runtime" "^7.3.1"
      jss "10.7.1"
  
  jss-plugin-rule-value-function@^10.5.1:
    version "10.7.1"
    resolved "https://registry.nlark.com/jss-plugin-rule-value-function/download/jss-plugin-rule-value-function-10.7.1.tgz?cache=0&sync_timestamp=1624884521991&other_urls=https%3A%2F%2Fregistry.nlark.com%2Fjss-plugin-rule-value-function%2Fdownload%2Fjss-plugin-rule-value-function-10.7.1.tgz#123eb796eb9982f8efa7a7e362daddd90c0c69fe"
    integrity sha1-Ej63luuZgvjvp6fjYtrd2QwMaf4=
    dependencies:
      "@babel/runtime" "^7.3.1"
      jss "10.7.1"
      tiny-warning "^1.0.2"
  
  jss-plugin-vendor-prefixer@^10.5.1:
    version "10.7.1"
    resolved "https://registry.nlark.com/jss-plugin-vendor-prefixer/download/jss-plugin-vendor-prefixer-10.7.1.tgz?cache=0&sync_timestamp=1624884521106&other_urls=https%3A%2F%2Fregistry.nlark.com%2Fjss-plugin-vendor-prefixer%2Fdownload%2Fjss-plugin-vendor-prefixer-10.7.1.tgz#217821be2d6dacee31d2d464886760ba7742e19a"
    integrity sha1-IXghvi1trO4x0tRkiGdgundC4Zo=
    dependencies:
      "@babel/runtime" "^7.3.1"
      css-vendor "^2.0.8"
      jss "10.7.1"
  
  jss@10.7.1, jss@^10.5.1:
    version "10.7.1"
    resolved "https://registry.nlark.com/jss/download/jss-10.7.1.tgz?cache=0&sync_timestamp=1624885266797&other_urls=https%3A%2F%2Fregistry.nlark.com%2Fjss%2Fdownload%2Fjss-10.7.1.tgz#16d846e1a22fb42e857b99f9c6a0c5a27341c804"
    integrity sha1-FthG4aIvtC6Fe5n5xqDFonNByAQ=
    dependencies:
      "@babel/runtime" "^7.3.1"
      csstype "^3.0.2"
      is-in-browser "^1.1.3"
      tiny-warning "^1.0.2"
  
  lodash.debounce@^4.0.8:
    version "4.0.8"
    resolved "https://registry.nlark.com/lodash.debounce/download/lodash.debounce-4.0.8.tgz#82d79bff30a67c4005ffd5e2515300ad9ca4d7af"
    integrity sha1-gteb/zCmfEAF/9XiUVMArZyk168=
  
  lodash.isequal@^4.5.0:
    version "4.5.0"
    resolved "https://registry.nlark.com/lodash.isequal/download/lodash.isequal-4.5.0.tgz#415c4478f2bcc30120c22ce10ed3226f7d3e18e0"
    integrity sha1-QVxEePK8wwEgwizhDtMib30+GOA=
  
  lodash.throttle@^4.1.1:
    version "4.1.1"
    resolved "https://registry.nlark.com/lodash.throttle/download/lodash.throttle-4.1.1.tgz#c23e91b710242ac70c37f1e1cda9274cc39bf2f4"
    integrity sha1-wj6RtxAkKscMN/HhzaknTMOb8vQ=
  
  lodash@^4.17.11, lodash@^4.17.15, lodash@^4.17.21:
    version "4.17.21"
    resolved "https://registry.nlark.com/lodash/download/lodash-4.17.21.tgz?cache=0&sync_timestamp=1618847150612&other_urls=https%3A%2F%2Fregistry.nlark.com%2Flodash%2Fdownload%2Flodash-4.17.21.tgz#679591c564c3bffaae8454cf0b3df370c3d6911c"
    integrity sha1-Z5WRxWTDv/quhFTPCz3zcMPWkRw=
  
  loose-envify@^1.0.0, loose-envify@^1.1.0, loose-envify@^1.4.0:
    version "1.4.0"
    resolved "https://registry.npm.taobao.org/loose-envify/download/loose-envify-1.4.0.tgz#71ee51fa7be4caec1a63839f7e682d8132d30caf"
    integrity sha1-ce5R+nvkyuwaY4OffmgtgTLTDK8=
    dependencies:
      js-tokens "^3.0.0 || ^4.0.0"
  
  minimist@^1.2.5:
    version "1.2.5"
    resolved "https://registry.npm.taobao.org/minimist/download/minimist-1.2.5.tgz#67d66014b66a6a8aaa0c083c5fd58df4e4e97602"
    integrity sha1-Z9ZgFLZqaoqqDAg8X9WN9OTpdgI=
  
  moment@^2.24.0, moment@^2.25.3:
    version "2.29.1"
    resolved "https://registry.npm.taobao.org/moment/download/moment-2.29.1.tgz?cache=0&other_urls=https%3A%2F%2Fregistry.npm.taobao.org%2Fmoment%2Fdownload%2Fmoment-2.29.1.tgz#b2be769fa31940be9eeea6469c075e35006fa3d3"
    integrity sha1-sr52n6MZQL6e7qZGnAdeNQBvo9M=
  
  ms@2.1.2:
    version "2.1.2"
    resolved "https://registry.nlark.com/ms/download/ms-2.1.2.tgz#d09d1f357b443f493382a8eb3ccd183872ae6009"
    integrity sha1-0J0fNXtEP0kzgqjrPM0YOHKuYAk=
  
  nanoid@^3.1.23:
    version "3.1.25"
    resolved "https://registry.nlark.com/nanoid/download/nanoid-3.1.25.tgz?cache=0&sync_timestamp=1628771923493&other_urls=https%3A%2F%2Fregistry.nlark.com%2Fnanoid%2Fdownload%2Fnanoid-3.1.25.tgz#09ca32747c0e543f0e1814b7d3793477f9c8e152"
    integrity sha1-CcoydHwOVD8OGBS303k0d/nI4VI=
  
  node-releases@^1.1.75:
    version "1.1.75"
    resolved "https://registry.nlark.com/node-releases/download/node-releases-1.1.75.tgz?cache=0&sync_timestamp=1629280398871&other_urls=https%3A%2F%2Fregistry.nlark.com%2Fnode-releases%2Fdownload%2Fnode-releases-1.1.75.tgz#6dd8c876b9897a1b8e5a02de26afa79bb54ebbfe"
    integrity sha1-bdjIdrmJehuOWgLeJq+nm7VOu/4=
  
  normalize.css@8.0.1:
    version "8.0.1"
    resolved "https://registry.npm.taobao.org/normalize.css/download/normalize.css-8.0.1.tgz#9b98a208738b9cc2634caacbc42d131c97487bf3"
    integrity sha1-m5iiCHOLnMJjTKrLxC0THJdIe/M=
  
  object-assign@^4.1.1:
    version "4.1.1"
    resolved "https://registry.nlark.com/object-assign/download/object-assign-4.1.1.tgz?cache=0&sync_timestamp=1618847240432&other_urls=https%3A%2F%2Fregistry.nlark.com%2Fobject-assign%2Fdownload%2Fobject-assign-4.1.1.tgz#2109adc7965887cfc05cbbd442cac8bfbb360863"
    integrity sha1-IQmtx5ZYh8/AXLvUQsrIv7s2CGM=
  
  path-parse@^1.0.6:
    version "1.0.7"
    resolved "https://registry.nlark.com/path-parse/download/path-parse-1.0.7.tgz#fbc114b60ca42b30d9daf5858e4bd68bbedb6735"
    integrity sha1-+8EUtgykKzDZ2vWFjkvWi77bZzU=
  
  performance-now@^2.1.0:
    version "2.1.0"
    resolved "https://registry.nlark.com/performance-now/download/performance-now-2.1.0.tgz#6309f4e0e5fa913ec1c69307ae364b4b377c9e7b"
    integrity sha1-Ywn04OX6kT7BxpMHrjZLSzd8nns=
  
  picomatch@^2.2.2:
    version "2.3.0"
    resolved "https://registry.nlark.com/picomatch/download/picomatch-2.3.0.tgz?cache=0&sync_timestamp=1621648246651&other_urls=https%3A%2F%2Fregistry.nlark.com%2Fpicomatch%2Fdownload%2Fpicomatch-2.3.0.tgz#f1f061de8f6a4bf022892e2d128234fb98302972"
    integrity sha1-8fBh3o9qS/AiiS4tEoI0+5gwKXI=
  
  popper.js@1.16.1-lts:
    version "1.16.1-lts"
    resolved "https://registry.npm.taobao.org/popper.js/download/popper.js-1.16.1-lts.tgz#cf6847b807da3799d80ee3d6d2f90df8a3f50b05"
    integrity sha1-z2hHuAfaN5nYDuPW0vkN+KP1CwU=
  
  popper.js@^1.15.0:
    version "1.16.1"
    resolved "https://registry.npm.taobao.org/popper.js/download/popper.js-1.16.1.tgz#2a223cb3dc7b6213d740e40372be40de43e65b1b"
    integrity sha1-KiI8s9x7YhPXQOQDcr5A3kPmWxs=
  
  postcss-value-parser@^4.0.2:
    version "4.1.0"
    resolved "https://registry.nlark.com/postcss-value-parser/download/postcss-value-parser-4.1.0.tgz#443f6a20ced6481a2bda4fa8532a6e55d789a2cb"
    integrity sha1-RD9qIM7WSBor2k+oUypuVdeJoss=
  
  postcss@^8.3.6:
    version "8.3.6"
    resolved "https://registry.nlark.com/postcss/download/postcss-8.3.6.tgz?cache=0&sync_timestamp=1626882933935&other_urls=https%3A%2F%2Fregistry.nlark.com%2Fpostcss%2Fdownload%2Fpostcss-8.3.6.tgz#2730dd76a97969f37f53b9a6096197be311cc4ea"
    integrity sha1-JzDddql5afN/U7mmCWGXvjEcxOo=
    dependencies:
      colorette "^1.2.2"
      nanoid "^3.1.23"
      source-map-js "^0.6.2"
  
  prop-types@^15.6.2, prop-types@^15.7.2:
    version "15.7.2"
    resolved "https://registry.nlark.com/prop-types/download/prop-types-15.7.2.tgz#52c41e75b8c87e72b9d9360e0206b99dcbffa6c5"
    integrity sha1-UsQedbjIfnK52TYOAga5ncv/psU=
    dependencies:
      loose-envify "^1.4.0"
      object-assign "^4.1.1"
      react-is "^16.8.1"
  
  raf@^3.4.1:
    version "3.4.1"
    resolved "https://registry.npm.taobao.org/raf/download/raf-3.4.1.tgz#0742e99a4a6552f445d73e3ee0328af0ff1ede39"
    integrity sha1-B0LpmkplUvRF1z4+4DKK8P8e3jk=
    dependencies:
      performance-now "^2.1.0"
  
  rc-align@^4.0.0:
    version "4.0.11"
    resolved "https://registry.nlark.com/rc-align/download/rc-align-4.0.11.tgz?cache=0&other_urls=https%3A%2F%2Fregistry.nlark.com%2Frc-align%2Fdownload%2Frc-align-4.0.11.tgz#8198c62db266bc1b8ef05e56c13275bf72628a5e"
    integrity sha1-gZjGLbJmvBuO8F5WwTJ1v3Jiil4=
    dependencies:
      "@babel/runtime" "^7.10.1"
      classnames "2.x"
      dom-align "^1.7.0"
      lodash "^4.17.21"
      rc-util "^5.3.0"
      resize-observer-polyfill "^1.5.1"
  
  rc-cascader@~1.4.0:
    version "1.4.3"
    resolved "https://registry.nlark.com/rc-cascader/download/rc-cascader-1.4.3.tgz?cache=0&sync_timestamp=1626160301488&other_urls=https%3A%2F%2Fregistry.nlark.com%2Frc-cascader%2Fdownload%2Frc-cascader-1.4.3.tgz#d91b0dcf8157b60ebe9ec3e58b4db054d5299464"
    integrity sha1-2RsNz4FXtg6+nsPli02wVNUplGQ=
    dependencies:
      "@babel/runtime" "^7.12.5"
      array-tree-filter "^2.1.0"
      rc-trigger "^5.0.4"
      rc-util "^5.0.1"
      warning "^4.0.1"
  
  rc-checkbox@~2.3.0:
    version "2.3.2"
    resolved "https://registry.npm.taobao.org/rc-checkbox/download/rc-checkbox-2.3.2.tgz#f91b3678c7edb2baa8121c9483c664fa6f0aefc1"
    integrity sha1-+Rs2eMftsrqoEhyUg8Zk+m8K78E=
    dependencies:
      "@babel/runtime" "^7.10.1"
      classnames "^2.2.1"
  
  rc-collapse@~3.1.0:
    version "3.1.1"
    resolved "https://registry.nlark.com/rc-collapse/download/rc-collapse-3.1.1.tgz#2421d454e85781d1cf2f04f906918e0677d779e6"
    integrity sha1-JCHUVOhXgdHPLwT5BpGOBnfXeeY=
    dependencies:
      "@babel/runtime" "^7.10.1"
      classnames "2.x"
      rc-motion "^2.3.4"
      rc-util "^5.2.1"
      shallowequal "^1.1.0"
  
  rc-dialog@~8.6.0:
    version "8.6.0"
    resolved "https://registry.nlark.com/rc-dialog/download/rc-dialog-8.6.0.tgz?cache=0&sync_timestamp=1627272051827&other_urls=https%3A%2F%2Fregistry.nlark.com%2Frc-dialog%2Fdownload%2Frc-dialog-8.6.0.tgz#3b228dac085de5eed8c6237f31162104687442e7"
    integrity sha1-OyKNrAhd5e7YxiN/MRYhBGh0Quc=
    dependencies:
      "@babel/runtime" "^7.10.1"
      classnames "^2.2.6"
      rc-motion "^2.3.0"
      rc-util "^5.6.1"
  
  rc-drawer@~4.3.0:
    version "4.3.1"
    resolved "https://registry.nlark.com/rc-drawer/download/rc-drawer-4.3.1.tgz#356333a7af01b777abd685c96c2ce62efb44f3f3"
    integrity sha1-NWMzp68Bt3er1oXJbCzmLvtE8/M=
    dependencies:
      "@babel/runtime" "^7.10.1"
      classnames "^2.2.6"
      rc-util "^5.7.0"
  
  rc-dropdown@^3.2.0, rc-dropdown@~3.2.0:
    version "3.2.0"
    resolved "https://registry.nlark.com/rc-dropdown/download/rc-dropdown-3.2.0.tgz#da6c2ada403842baee3a9e909a0b1a91ba3e1090"
    integrity sha1-2mwq2kA4QrruOp6Qmgsakbo+EJA=
    dependencies:
      "@babel/runtime" "^7.10.1"
      classnames "^2.2.6"
      rc-trigger "^5.0.4"
  
  rc-field-form@~1.20.0:
    version "1.20.1"
    resolved "https://registry.nlark.com/rc-field-form/download/rc-field-form-1.20.1.tgz#d1c51888107cf075b42704b7b575bef84c359291"
    integrity sha1-0cUYiBB88HW0JwS3tXW++Ew1kpE=
    dependencies:
      "@babel/runtime" "^7.8.4"
      async-validator "^3.0.3"
      rc-util "^5.8.0"
  
  rc-image@~5.2.5:
    version "5.2.5"
    resolved "https://registry.nlark.com/rc-image/download/rc-image-5.2.5.tgz?cache=0&sync_timestamp=1627889032895&other_urls=https%3A%2F%2Fregistry.nlark.com%2Frc-image%2Fdownload%2Frc-image-5.2.5.tgz#44e6ffc842626827960e7ab72e1c0d6f3a8ce440"
    integrity sha1-ROb/yEJiaCeWDnq3LhwNbzqM5EA=
    dependencies:
      "@babel/runtime" "^7.11.2"
      classnames "^2.2.6"
      rc-dialog "~8.6.0"
      rc-util "^5.0.6"
  
  rc-input-number@~7.1.0:
    version "7.1.4"
    resolved "https://registry.nlark.com/rc-input-number/download/rc-input-number-7.1.4.tgz#9d7410c91ff8dc6384d0233c20df278982989f9a"
    integrity sha1-nXQQyR/43GOE0CM8IN8niYKYn5o=
    dependencies:
      "@babel/runtime" "^7.10.1"
      classnames "^2.2.5"
      rc-util "^5.9.8"
  
  rc-mentions@~1.6.1:
    version "1.6.1"
    resolved "https://registry.nlark.com/rc-mentions/download/rc-mentions-1.6.1.tgz?cache=0&sync_timestamp=1621867143484&other_urls=https%3A%2F%2Fregistry.nlark.com%2Frc-mentions%2Fdownload%2Frc-mentions-1.6.1.tgz#46035027d64aa33ef840ba0fbd411871e34617ae"
    integrity sha1-RgNQJ9ZKoz74QLoPvUEYceNGF64=
    dependencies:
      "@babel/runtime" "^7.10.1"
      classnames "^2.2.6"
      rc-menu "^9.0.0"
      rc-textarea "^0.3.0"
      rc-trigger "^5.0.4"
      rc-util "^5.0.1"
  
  rc-menu@^9.0.0, rc-menu@~9.0.12:
    version "9.0.12"
    resolved "https://registry.nlark.com/rc-menu/download/rc-menu-9.0.12.tgz#492c4bb07a596e2ce07587c669b27ee28c3810c5"
    integrity sha1-SSxLsHpZbizgdYfGabJ+4ow4EMU=
    dependencies:
      "@babel/runtime" "^7.10.1"
      classnames "2.x"
      rc-motion "^2.4.3"
      rc-overflow "^1.2.0"
      rc-trigger "^5.1.2"
      rc-util "^5.12.0"
      shallowequal "^1.1.0"
  
  rc-motion@^2.0.0, rc-motion@^2.0.1, rc-motion@^2.2.0, rc-motion@^2.3.0, rc-motion@^2.3.4, rc-motion@^2.4.0, rc-motion@^2.4.3:
    version "2.4.4"
    resolved "https://registry.nlark.com/rc-motion/download/rc-motion-2.4.4.tgz?cache=0&other_urls=https%3A%2F%2Fregistry.nlark.com%2Frc-motion%2Fdownload%2Frc-motion-2.4.4.tgz#e995d5fa24fc93065c24f714857cf2677d655bb0"
    integrity sha1-6ZXV+iT8kwZcJPcUhXzyZ31lW7A=
    dependencies:
      "@babel/runtime" "^7.11.1"
      classnames "^2.2.1"
      rc-util "^5.2.1"
  
  rc-notification@~4.5.7:
    version "4.5.7"
    resolved "https://registry.nlark.com/rc-notification/download/rc-notification-4.5.7.tgz#265e6e6a0c1a0fac63d6abd4d832eb8ff31522f1"
    integrity sha1-Jl5uagwaD6xj1qvU2DLrj/MVIvE=
    dependencies:
      "@babel/runtime" "^7.10.1"
      classnames "2.x"
      rc-motion "^2.2.0"
      rc-util "^5.0.1"
  
  rc-overflow@^1.0.0, rc-overflow@^1.2.0:
    version "1.2.2"
    resolved "https://registry.nlark.com/rc-overflow/download/rc-overflow-1.2.2.tgz#95b0222016c0cdbdc0db85f569c262e7706a5f22"
    integrity sha1-lbAiIBbAzb3A24X1acJi53BqXyI=
    dependencies:
      "@babel/runtime" "^7.11.1"
      classnames "^2.2.1"
      rc-resize-observer "^1.0.0"
      rc-util "^5.5.1"
  
  rc-pagination@~3.1.9:
    version "3.1.9"
    resolved "https://registry.nlark.com/rc-pagination/download/rc-pagination-3.1.9.tgz?cache=0&other_urls=https%3A%2F%2Fregistry.nlark.com%2Frc-pagination%2Fdownload%2Frc-pagination-3.1.9.tgz#797ad75d85b1ef7a82801207ead410110337fdd6"
    integrity sha1-eXrXXYWx73qCgBIH6tQQEQM3/dY=
    dependencies:
      "@babel/runtime" "^7.10.1"
      classnames "^2.2.1"
  
  rc-picker@~2.5.10:
    version "2.5.15"
    resolved "https://registry.nlark.com/rc-picker/download/rc-picker-2.5.15.tgz?cache=0&sync_timestamp=1628406516509&other_urls=https%3A%2F%2Fregistry.nlark.com%2Frc-picker%2Fdownload%2Frc-picker-2.5.15.tgz#7270c11815ca4be2ad931a9d9120099fc1820ab7"
    integrity sha1-cnDBGBXKS+KtkxqdkSAJn8GCCrc=
    dependencies:
      "@babel/runtime" "^7.10.1"
      classnames "^2.2.1"
      date-fns "2.x"
      dayjs "1.x"
      moment "^2.24.0"
      rc-trigger "^5.0.4"
      rc-util "^5.4.0"
      shallowequal "^1.1.0"
  
  rc-progress@~3.1.0:
    version "3.1.4"
    resolved "https://registry.nlark.com/rc-progress/download/rc-progress-3.1.4.tgz?cache=0&sync_timestamp=1621251898787&other_urls=https%3A%2F%2Fregistry.nlark.com%2Frc-progress%2Fdownload%2Frc-progress-3.1.4.tgz#66040d0fae7d8ced2b38588378eccb2864bad615"
    integrity sha1-ZgQND659jO0rOFiDeOzLKGS61hU=
    dependencies:
      "@babel/runtime" "^7.10.1"
      classnames "^2.2.6"
  
  rc-rate@~2.9.0:
    version "2.9.1"
    resolved "https://registry.nlark.com/rc-rate/download/rc-rate-2.9.1.tgz#e43cb95c4eb90a2c1e0b16ec6614d8c43530a731"
    integrity sha1-5Dy5XE65CiweCxbsZhTYxDUwpzE=
    dependencies:
      "@babel/runtime" "^7.10.1"
      classnames "^2.2.5"
      rc-util "^5.0.1"
  
  rc-resize-observer@^1.0.0:
    version "1.0.0"
    resolved "https://registry.nlark.com/rc-resize-observer/download/rc-resize-observer-1.0.0.tgz#97fb89856f62fec32ab6e40933935cf58e2e102d"
    integrity sha1-l/uJhW9i/sMqtuQJM5Nc9Y4uEC0=
    dependencies:
      "@babel/runtime" "^7.10.1"
      classnames "^2.2.1"
      rc-util "^5.0.0"
      resize-observer-polyfill "^1.5.1"
  
  rc-select@^12.0.0, rc-select@~12.1.6:
    version "12.1.13"
    resolved "https://registry.nlark.com/rc-select/download/rc-select-12.1.13.tgz?cache=0&other_urls=https%3A%2F%2Fregistry.nlark.com%2Frc-select%2Fdownload%2Frc-select-12.1.13.tgz#c33560ccb9339d30695b52458f55efc35af35273"
    integrity sha1-wzVgzLkznTBpW1JFj1Xvw1rzUnM=
    dependencies:
      "@babel/runtime" "^7.10.1"
      classnames "2.x"
      rc-motion "^2.0.1"
      rc-overflow "^1.0.0"
      rc-trigger "^5.0.4"
      rc-util "^5.9.8"
      rc-virtual-list "^3.2.0"
  
  rc-slider@~9.7.1:
    version "9.7.2"
    resolved "https://registry.nlark.com/rc-slider/download/rc-slider-9.7.2.tgz#282f571f7582752ebaa33964e441184f4e79ad74"
    integrity sha1-KC9XH3WCdS66ozlk5EEYT055rXQ=
    dependencies:
      "@babel/runtime" "^7.10.1"
      classnames "^2.2.5"
      rc-tooltip "^5.0.1"
      rc-util "^5.0.0"
      shallowequal "^1.1.0"
  
  rc-steps@~4.1.0:
    version "4.1.3"
    resolved "https://registry.npm.taobao.org/rc-steps/download/rc-steps-4.1.3.tgz#208580e22db619e3830ddb7fa41bc886c65d9803"
    integrity sha1-IIWA4i22GeODDdt/pBvIhsZdmAM=
    dependencies:
      "@babel/runtime" "^7.10.2"
      classnames "^2.2.3"
      rc-util "^5.0.1"
  
  rc-switch@~3.2.0:
    version "3.2.2"
    resolved "https://registry.npm.taobao.org/rc-switch/download/rc-switch-3.2.2.tgz#d001f77f12664d52595b4f6fb425dd9e66fba8e8"
    integrity sha1-0AH3fxJmTVJZW09vtCXdnmb7qOg=
    dependencies:
      "@babel/runtime" "^7.10.1"
      classnames "^2.2.1"
      rc-util "^5.0.1"
  
  rc-table@~7.15.1:
    version "7.15.2"
    resolved "https://registry.nlark.com/rc-table/download/rc-table-7.15.2.tgz#f6ab73b2cfb1c76f3cf9682c855561423c6b5b22"
    integrity sha1-9qtzss+xx288+WgshVVhQjxrWyI=
    dependencies:
      "@babel/runtime" "^7.10.1"
      classnames "^2.2.5"
      rc-resize-observer "^1.0.0"
      rc-util "^5.13.0"
      shallowequal "^1.1.0"
  
  rc-tabs@~11.10.0:
    version "11.10.1"
    resolved "https://registry.nlark.com/rc-tabs/download/rc-tabs-11.10.1.tgz#7b112f78bac998480c777ae160adc425e3fdb7cb"
    integrity sha1-exEveLrJmEgMd3rhYK3EJeP9t8s=
    dependencies:
      "@babel/runtime" "^7.11.2"
      classnames "2.x"
      rc-dropdown "^3.2.0"
      rc-menu "^9.0.0"
      rc-resize-observer "^1.0.0"
      rc-util "^5.5.0"
  
  rc-textarea@^0.3.0, rc-textarea@~0.3.0:
    version "0.3.5"
    resolved "https://registry.nlark.com/rc-textarea/download/rc-textarea-0.3.5.tgz#07ed445dddb94e5ae6764676923a49bddad9b2ec"
    integrity sha1-B+1EXd25TlrmdkZ2kjpJvdrZsuw=
    dependencies:
      "@babel/runtime" "^7.10.1"
      classnames "^2.2.1"
      rc-resize-observer "^1.0.0"
      rc-util "^5.7.0"
  
  rc-tooltip@^5.0.1, rc-tooltip@~5.1.1:
    version "5.1.1"
    resolved "https://registry.nlark.com/rc-tooltip/download/rc-tooltip-5.1.1.tgz#94178ed162d0252bc4993b725f5dc2ac0fccf154"
    integrity sha1-lBeO0WLQJSvEmTtyX13CrA/M8VQ=
    dependencies:
      "@babel/runtime" "^7.11.2"
      rc-trigger "^5.0.0"
  
  rc-tree-select@~4.3.0:
    version "4.3.3"
    resolved "https://registry.nlark.com/rc-tree-select/download/rc-tree-select-4.3.3.tgz?cache=0&sync_timestamp=1629357523267&other_urls=https%3A%2F%2Fregistry.nlark.com%2Frc-tree-select%2Fdownload%2Frc-tree-select-4.3.3.tgz#28eba4d8a8dc8c0f9b61d83ce465842a6915eca4"
    integrity sha1-KOuk2KjcjA+bYdg85GWEKmkV7KQ=
    dependencies:
      "@babel/runtime" "^7.10.1"
      classnames "2.x"
      rc-select "^12.0.0"
      rc-tree "^4.0.0"
      rc-util "^5.0.5"
  
  rc-tree@^4.0.0, rc-tree@~4.2.1:
    version "4.2.2"
    resolved "https://registry.nlark.com/rc-tree/download/rc-tree-4.2.2.tgz#4429187cbbfbecbe989714a607e3de8b3ab7763f"
    integrity sha1-RCkYfLv77L6YlxSmB+Peizq3dj8=
    dependencies:
      "@babel/runtime" "^7.10.1"
      classnames "2.x"
      rc-motion "^2.0.1"
      rc-util "^5.0.0"
      rc-virtual-list "^3.0.1"
  
  rc-trigger@^5.0.0, rc-trigger@^5.0.4, rc-trigger@^5.1.2, rc-trigger@^5.2.10:
    version "5.2.10"
    resolved "https://registry.nlark.com/rc-trigger/download/rc-trigger-5.2.10.tgz?cache=0&other_urls=https%3A%2F%2Fregistry.nlark.com%2Frc-trigger%2Fdownload%2Frc-trigger-5.2.10.tgz#8a0057a940b1b9027eaa33beec8a6ecd85cce2b1"
    integrity sha1-igBXqUCxuQJ+qjO+7IpuzYXM4rE=
    dependencies:
      "@babel/runtime" "^7.11.2"
      classnames "^2.2.6"
      rc-align "^4.0.0"
      rc-motion "^2.0.0"
      rc-util "^5.5.0"
  
  rc-upload@~4.3.0:
    version "4.3.1"
    resolved "https://registry.nlark.com/rc-upload/download/rc-upload-4.3.1.tgz?cache=0&sync_timestamp=1623401069520&other_urls=https%3A%2F%2Fregistry.nlark.com%2Frc-upload%2Fdownload%2Frc-upload-4.3.1.tgz#d6ee66b8bd1e1dd2f78526c486538423f7e7ed84"
    integrity sha1-1u5muL0eHdL3hSbEhlOEI/fn7YQ=
    dependencies:
      "@babel/runtime" "^7.10.1"
      classnames "^2.2.5"
      rc-util "^5.2.0"
  
  rc-util@^5.0.0, rc-util@^5.0.1, rc-util@^5.0.5, rc-util@^5.0.6, rc-util@^5.0.7, rc-util@^5.12.0, rc-util@^5.13.0, rc-util@^5.13.1, rc-util@^5.2.0, rc-util@^5.2.1, rc-util@^5.3.0, rc-util@^5.4.0, rc-util@^5.5.0, rc-util@^5.5.1, rc-util@^5.6.1, rc-util@^5.7.0, rc-util@^5.8.0, rc-util@^5.9.4, rc-util@^5.9.8:
    version "5.13.2"
    resolved "https://registry.nlark.com/rc-util/download/rc-util-5.13.2.tgz?cache=0&sync_timestamp=1625711434684&other_urls=https%3A%2F%2Fregistry.nlark.com%2Frc-util%2Fdownload%2Frc-util-5.13.2.tgz#a8a0bb77743351841ba8bed6393e03b8d2f685c8"
    integrity sha1-qKC7d3QzUYQbqL7WOT4DuNL2hcg=
    dependencies:
      "@babel/runtime" "^7.12.5"
      react-is "^16.12.0"
      shallowequal "^1.1.0"
  
  rc-virtual-list@^3.0.1, rc-virtual-list@^3.2.0:
    version "3.3.0"
    resolved "https://registry.nlark.com/rc-virtual-list/download/rc-virtual-list-3.3.0.tgz#2f95a6ddbbf63d78b28662b57f1e69f7472762fe"
    integrity sha1-L5Wm3bv2PXiyhmK1fx5p90cnYv4=
    dependencies:
      classnames "^2.2.6"
      rc-resize-observer "^1.0.0"
      rc-util "^5.0.7"
  
  react-dom@^17.0.0:
    version "17.0.2"
    resolved "https://registry.nlark.com/react-dom/download/react-dom-17.0.2.tgz#ecffb6845e3ad8dbfcdc498f0d0a939736502c23"
    integrity sha1-7P+2hF462Nv83EmPDQqTlzZQLCM=
    dependencies:
      loose-envify "^1.1.0"
      object-assign "^4.1.1"
      scheduler "^0.20.2"
  
  react-is@^16.12.0, react-is@^16.7.0, react-is@^16.8.1:
    version "16.13.1"
    resolved "https://registry.nlark.com/react-is/download/react-is-16.13.1.tgz#789729a4dc36de2999dc156dd6c1d9c18cea56a4"
    integrity sha1-eJcppNw23imZ3BVt1sHZwYzqVqQ=
  
  "react-is@^16.8.0 || ^17.0.0":
    version "17.0.2"
    resolved "https://registry.nlark.com/react-is/download/react-is-17.0.2.tgz#e691d4a8e9c789365655539ab372762b0efb54f0"
    integrity sha1-5pHUqOnHiTZWVVOas3J2Kw77VPA=
  
  react-native-camera-roll-picker@1.2.3:
    version "1.2.3"
    resolved "https://registry.npm.taobao.org/react-native-camera-roll-picker/download/react-native-camera-roll-picker-1.2.3.tgz#b117fd3a2b9012dcccee1261a9bc427226b8d6d2"
    integrity sha1-sRf9OiuQEtzM7hJhqbxCcia41tI=
  
  react-refresh@^0.10.0:
    version "0.10.0"
    resolved "https://registry.nlark.com/react-refresh/download/react-refresh-0.10.0.tgz?cache=0&sync_timestamp=1629476344767&other_urls=https%3A%2F%2Fregistry.nlark.com%2Freact-refresh%2Fdownload%2Freact-refresh-0.10.0.tgz#2f536c9660c0b9b1d500684d9e52a65e7404f7e3"
    integrity sha1-L1NslmDAubHVAGhNnlKmXnQE9+M=
  
  react-transition-group@^4.4.0:
    version "4.4.2"
    resolved "https://registry.nlark.com/react-transition-group/download/react-transition-group-4.4.2.tgz?cache=0&sync_timestamp=1622301299633&other_urls=https%3A%2F%2Fregistry.nlark.com%2Freact-transition-group%2Fdownload%2Freact-transition-group-4.4.2.tgz#8b59a56f09ced7b55cbd53c36768b922890d5470"
    integrity sha1-i1mlbwnO17VcvVPDZ2i5IokNVHA=
    dependencies:
      "@babel/runtime" "^7.5.5"
      dom-helpers "^5.0.1"
      loose-envify "^1.4.0"
      prop-types "^15.6.2"
  
  react@^17.0.0:
    version "17.0.2"
    resolved "https://registry.nlark.com/react/download/react-17.0.2.tgz#d0b5cc516d29eb3eee383f75b62864cfb6800037"
    integrity sha1-0LXMUW0p6z7uOD91tihkz7aAADc=
    dependencies:
      loose-envify "^1.1.0"
      object-assign "^4.1.1"
  
  regenerator-runtime@^0.13.4:
    version "0.13.9"
    resolved "https://registry.nlark.com/regenerator-runtime/download/regenerator-runtime-0.13.9.tgz?cache=0&sync_timestamp=1626993001371&other_urls=https%3A%2F%2Fregistry.nlark.com%2Fregenerator-runtime%2Fdownload%2Fregenerator-runtime-0.13.9.tgz#8925742a98ffd90814988d7566ad30ca3b263b52"
    integrity sha1-iSV0Kpj/2QgUmI11Zq0wyjsmO1I=
  
  resize-observer-polyfill@^1.5.0, resize-observer-polyfill@^1.5.1:
    version "1.5.1"
    resolved "https://registry.nlark.com/resize-observer-polyfill/download/resize-observer-polyfill-1.5.1.tgz?cache=0&sync_timestamp=1618846967396&other_urls=https%3A%2F%2Fregistry.nlark.com%2Fresize-observer-polyfill%2Fdownload%2Fresize-observer-polyfill-1.5.1.tgz#0e9020dd3d21024458d4ebd27e23e40269810464"
    integrity sha1-DpAg3T0hAkRY1OvSfiPkAmmBBGQ=
  
  resolve@^1.20.0:
    version "1.20.0"
    resolved "https://registry.npm.taobao.org/resolve/download/resolve-1.20.0.tgz#629a013fb3f70755d6f0b7935cc1c2c5378b1975"
    integrity sha1-YpoBP7P3B1XW8LeTXMHCxTeLGXU=
    dependencies:
      is-core-module "^2.2.0"
      path-parse "^1.0.6"
  
  rollup@^2.38.5:
    version "2.56.2"
    resolved "https://registry.nlark.com/rollup/download/rollup-2.56.2.tgz?cache=0&sync_timestamp=1628573680198&other_urls=https%3A%2F%2Fregistry.nlark.com%2Frollup%2Fdownload%2Frollup-2.56.2.tgz#a045ff3f6af53ee009b5f5016ca3da0329e5470f"
    integrity sha1-oEX/P2r1PuAJtfUBbKPaAynlRw8=
    optionalDependencies:
      fsevents "~2.3.2"
  
  safe-buffer@~5.1.1:
    version "5.1.2"
    resolved "https://registry.nlark.com/safe-buffer/download/safe-buffer-5.1.2.tgz#991ec69d296e0313747d59bdfd2b745c35f8828d"
    integrity sha1-mR7GnSluAxN0fVm9/St0XDX4go0=
  
  scheduler@^0.20.2:
    version "0.20.2"
    resolved "https://registry.nlark.com/scheduler/download/scheduler-0.20.2.tgz?cache=0&sync_timestamp=1629476335382&other_urls=https%3A%2F%2Fregistry.nlark.com%2Fscheduler%2Fdownload%2Fscheduler-0.20.2.tgz#4baee39436e34aa93b4874bddcbf0fe8b8b50e91"
    integrity sha1-S67jlDbjSqk7SHS93L8P6Li1DpE=
    dependencies:
      loose-envify "^1.1.0"
      object-assign "^4.1.1"
  
  screenfull@^5.0.0:
    version "5.1.0"
    resolved "https://registry.nlark.com/screenfull/download/screenfull-5.1.0.tgz#85c13c70f4ead4c1b8a935c70010dfdcd2c0e5c8"
    integrity sha1-hcE8cPTq1MG4qTXHABDf3NLA5cg=
  
  scroll-into-view-if-needed@^2.2.25:
    version "2.2.28"
    resolved "https://registry.nlark.com/scroll-into-view-if-needed/download/scroll-into-view-if-needed-2.2.28.tgz#5a15b2f58a52642c88c8eca584644e01703d645a"
    integrity sha1-WhWy9YpSZCyIyOylhGROAXA9ZFo=
    dependencies:
      compute-scroll-into-view "^1.0.17"
  
  semver@^6.3.0:
    version "6.3.0"
    resolved "https://registry.nlark.com/semver/download/semver-6.3.0.tgz?cache=0&sync_timestamp=1618846864940&other_urls=https%3A%2F%2Fregistry.nlark.com%2Fsemver%2Fdownload%2Fsemver-6.3.0.tgz#ee0a64c8af5e8ceea67687b133761e1becbd1d3d"
    integrity sha1-7gpkyK9ejO6mdoexM3YeG+y9HT0=
  
  shallowequal@^1.1.0:
    version "1.1.0"
    resolved "https://registry.npm.taobao.org/shallowequal/download/shallowequal-1.1.0.tgz#188d521de95b9087404fd4dcb68b13df0ae4e7f8"
    integrity sha1-GI1SHelbkIdAT9TctosT3wrk5/g=
  
  simple-swizzle@^0.2.2:
    version "0.2.2"
    resolved "https://registry.npm.taobao.org/simple-swizzle/download/simple-swizzle-0.2.2.tgz#a4da6b635ffcccca33f70d17cb92592de95e557a"
    integrity sha1-pNprY1/8zMoz9w0Xy5JZLeleVXo=
    dependencies:
      is-arrayish "^0.3.1"
  
  source-map-js@^0.6.2:
    version "0.6.2"
    resolved "https://registry.npm.taobao.org/source-map-js/download/source-map-js-0.6.2.tgz#0bb5de631b41cfbda6cfba8bd05a80efdfd2385e"
    integrity sha1-C7XeYxtBz72mz7qL0FqA79/SOF4=
  
  source-map@^0.5.0:
    version "0.5.7"
    resolved "https://registry.nlark.com/source-map/download/source-map-0.5.7.tgz#8a039d2d1021d22d1ea14c80d8ea468ba2ef3fcc"
    integrity sha1-igOdLRAh0i0eoUyA2OpGi6LvP8w=
  
  string-convert@^0.2.0:
    version "0.2.1"
    resolved "https://registry.nlark.com/string-convert/download/string-convert-0.2.1.tgz#6982cc3049fbb4cd85f8b24568b9d9bf39eeff97"
    integrity sha1-aYLMMEn7tM2F+LJFaLnZvznu/5c=
  
  styled-components@^5.3.0:
    version "5.3.0"
    resolved "https://registry.nlark.com/styled-components/download/styled-components-5.3.0.tgz#e47c3d3e9ddfff539f118a3dd0fd4f8f4fb25727"
    integrity sha1-5Hw9Pp3f/1OfEYo90P1Pj0+yVyc=
    dependencies:
      "@babel/helper-module-imports" "^7.0.0"
      "@babel/traverse" "^7.4.5"
      "@emotion/is-prop-valid" "^0.8.8"
      "@emotion/stylis" "^0.8.4"
      "@emotion/unitless" "^0.7.4"
      babel-plugin-styled-components ">= 1.12.0"
      css-to-react-native "^3.0.0"
      hoist-non-react-statics "^3.0.0"
      shallowequal "^1.1.0"
      supports-color "^5.5.0"
  
  supports-color@^5.3.0, supports-color@^5.5.0:
    version "5.5.0"
    resolved "https://registry.nlark.com/supports-color/download/supports-color-5.5.0.tgz#e2e69a44ac8772f78a1ec0b35b689df6530efc8f"
    integrity sha1-4uaaRKyHcveKHsCzW2id9lMO/I8=
    dependencies:
      has-flag "^3.0.0"
  
  tiny-warning@^1.0.2:
    version "1.0.3"
    resolved "https://registry.npm.taobao.org/tiny-warning/download/tiny-warning-1.0.3.tgz#94a30db453df4c643d0fd566060d60a875d84754"
    integrity sha1-lKMNtFPfTGQ9D9VmBg1gqHXYR1Q=
  
  to-fast-properties@^2.0.0:
    version "2.0.0"
    resolved "https://registry.nlark.com/to-fast-properties/download/to-fast-properties-2.0.0.tgz?cache=0&sync_timestamp=1628418893613&other_urls=https%3A%2F%2Fregistry.nlark.com%2Fto-fast-properties%2Fdownload%2Fto-fast-properties-2.0.0.tgz#dc5e698cbd079265bc73e0377681a4e4e83f616e"
    integrity sha1-3F5pjL0HkmW8c+A3doGk5Og/YW4=
  
  toggle-selection@^1.0.6:
    version "1.0.6"
    resolved "https://registry.npm.taobao.org/toggle-selection/download/toggle-selection-1.0.6.tgz#6e45b1263f2017fa0acc7d89d78b15b8bf77da32"
    integrity sha1-bkWxJj8gF/oKzH2J14sVuL932jI=
  
  typescript@^4.3.2:
    version "4.3.5"
    resolved "https://registry.nlark.com/typescript/download/typescript-4.3.5.tgz#4d1c37cc16e893973c45a06886b7113234f119f4"
    integrity sha1-TRw3zBbok5c8RaBohrcRMjTxGfQ=
  
  vite@^2.4.4:
    version "2.5.0"
    resolved "https://registry.nlark.com/vite/download/vite-2.5.0.tgz?cache=0&sync_timestamp=1629090689000&other_urls=https%3A%2F%2Fregistry.nlark.com%2Fvite%2Fdownload%2Fvite-2.5.0.tgz#111ba3679432d426e44566acf480005a7914cbd6"
    integrity sha1-ERujZ5Qy1CbkRWas9IAAWnkUy9Y=
    dependencies:
      esbuild "^0.12.17"
      postcss "^8.3.6"
      resolve "^1.20.0"
      rollup "^2.38.5"
    optionalDependencies:
      fsevents "~2.3.2"
  
  warning@^4.0.1:
    version "4.0.3"
    resolved "https://registry.nlark.com/warning/download/warning-4.0.3.tgz#16e9e077eb8a86d6af7d64aa1e05fd85b4678ca3"
    integrity sha1-Fungd+uKhtavfWSqHgX9hbRnjKM=
    dependencies:
      loose-envify "^1.0.0"
  
  zarm@^2.9.7:
    version "2.9.7"
    resolved "https://registry.nlark.com/zarm/download/zarm-2.9.7.tgz#e5d57d1dffbcf38d1bd1c5fd8039b48de47c11f2"
    integrity sha1-5dV9Hf+8840b0cX9gDm0jeR8EfI=
    dependencies:
      "@babel/runtime" "^7.14.0"
      "@zarm-design/icons" "^0.1.1"
      better-scroll "2.3.1"
      classnames "2.2.6"
      color "^3.1.3"
      hoist-non-react-statics "^3.3.0"
      lodash "^4.17.15"
      normalize.css "8.0.1"
      popper.js "^1.15.0"
      raf "^3.4.1"
      react-native-camera-roll-picker "1.2.3"
